<?xml version="1.0" encoding="UTF-8"?>
<!-- Generated by org.testng.reporters.JUnitXMLReporter -->
<testsuite ignored="0" hostname="HQ-11393H840G5" failures="0" tests="5" name="Default test" time="61.798" errors="0" timestamp="2023-02-19T23:42:42 PST">
  <testcase classname="com.jan23.pages.tests.AutomationTests" name="Login_Script" time="5.795"/>
  <testcase classname="com.jan23.pages.tests.AutomationTests" name="checkRememberMe" time="9.448"/>
  <testcase classname="com.jan23.pages.tests.AutomationTests" name="forgotPassword" time="3.163"/>
  <testcase classname="com.jan23.pages.tests.AutomationTests" name="loginErrorMessageTc1" time="1.225"/>
  <testcase classname="com.jan23.pages.tests.AutomationTests" name="wrongCredentials" time="0.956"/>
</testsuite> <!-- Default test -->
