<?xml version="1.0" encoding="UTF-8"?>
<!-- Generated by org.testng.reporters.JUnitXMLReporter -->
<testsuite ignored="24" hostname="HQ-11393H840G5" failures="4" tests="5" name="Test(failed)" time="80.602" errors="0" timestamp="2023-02-16T17:58:04 PST">
  <testcase classname="com.jan23.commontests.UserMenuDropDown" name="logout" time="0.028">
    <failure type="java.lang.StackOverflowError">
      <![CDATA[java.lang.StackOverflowError
at com.jan23.commontests.UserMenuDropDown.logout(UserMenuDropDown.java:326)
at com.jan23.commontests.UserMenuDropDown.logout(UserMenuDropDown.java:326)
at com.jan23.commontests.UserMenuDropDown.logout(UserMenuDropDown.java:326)
at com.jan23.commontests.UserMenuDropDown.logout(UserMenuDropDown.java:326)
at com.jan23.commontests.UserMenuDropDown.logout(UserMenuDropDown.java:326)
at com.jan23.commontests.UserMenuDropDown.logout(UserMenuDropDown.java:326)
at com.jan23.commontests.UserMenuDropDown.logout(UserMenuDropDown.java:326)
at com.jan23.commontests.UserMenuDropDown.logout(UserMenuDropDown.java:326)
at com.jan23.commontests.UserMenuDropDown.logout(UserMenuDropDown.java:326)
at com.jan23.commontests.UserMenuDropDown.logout(UserMenuDropDown.java:326)
at com.jan23.commontests.UserMenuDropDown.logout(UserMenuDropDown.java:326)
at com.jan23.commontests.UserMenuDropDown.logout(UserMenuDropDown.java:326)
at com.jan23.commontests.UserMenuDropDown.logout(UserMenuDropDown.java:326)
at com.jan23.commontests.UserMenuDropDown.logout(UserMenuDropDown.java:326)
at com.jan23.commontests.UserMenuDropDown.logout(UserMenuDropDown.java:326)
at com.jan23.commontests.UserMenuDropDown.logout(UserMenuDropDown.java:326)
at com.jan23.commontests.UserMenuDropDown.logout(UserMenuDropDown.java:326)
at com.jan23.commontests.UserMenuDropDown.logout(UserMenuDropDown.java:326)
at com.jan23.commontests.UserMenuDropDown.logout(UserMenuDropDown.java:326)
at com.jan23.commontests.UserMenuDropDown.logout(UserMenuDropDown.java:326)
at com.jan23.commontests.UserMenuDropDown.logout(UserMenuDropDown.java:326)
at com.jan23.commontests.UserMenuDropDown.logout(UserMenuDropDown.java:326)
at com.jan23.commontests.UserMenuDropDown.logout(UserMenuDropDown.java:326)
at com.jan23.commontests.UserMenuDropDown.logout(UserMenuDropDown.java:326)
at com.jan23.commontests.UserMenuDropDown.logout(UserMenuDropDown.java:326)
at com.jan23.commontests.UserMenuDropDown.logout(UserMenuDropDown.java:326)
at com.jan23.commontests.UserMenuDropDown.logout(UserMenuDropDown.java:326)
at com.jan23.commontests.UserMenuDropDown.logout(UserMenuDropDown.java:326)
at com.jan23.commontests.UserMenuDropDown.logout(UserMenuDropDown.java:326)
at com.jan23.commontests.UserMenuDropDown.logout(UserMenuDropDown.java:326)
at com.jan23.commontests.UserMenuDropDown.logout(UserMenuDropDown.java:326)
at com.jan23.commontests.UserMenuDropDown.logout(UserMenuDropDown.java:326)
at com.jan23.commontests.UserMenuDropDown.logout(UserMenuDropDown.java:326)
at com.jan23.commontests.UserMenuDropDown.logout(UserMenuDropDown.java:326)
at com.jan23.commontests.UserMenuDropDown.logout(UserMenuDropDown.java:326)
at com.jan23.commontests.UserMenuDropDown.logout(UserMenuDropDown.java:326)
at com.jan23.commontests.UserMenuDropDown.logout(UserMenuDropDown.java:326)
at com.jan23.commontests.UserMenuDropDown.logout(UserMenuDropDown.java:326)
at com.jan23.commontests.UserMenuDropDown.logout(UserMenuDropDown.java:326)
at com.jan23.commontests.UserMenuDropDown.logout(UserMenuDropDown.java:326)
at com.jan23.commontests.UserMenuDropDown.logout(UserMenuDropDown.java:326)
at com.jan23.commontests.UserMenuDropDown.logout(UserMenuDropDown.java:326)
at com.jan23.commontests.UserMenuDropDown.logout(UserMenuDropDown.java:326)
at com.jan23.commontests.UserMenuDropDown.logout(UserMenuDropDown.java:326)
at com.jan23.commontests.UserMenuDropDown.logout(UserMenuDropDown.java:326)
at com.jan23.commontests.UserMenuDropDown.logout(UserMenuDropDown.java:326)
at com.jan23.commontests.UserMenuDropDown.logout(UserMenuDropDown.java:326)
at com.jan23.commontests.UserMenuDropDown.logout(UserMenuDropDown.java:326)
at com.jan23.commontests.UserMenuDropDown.logout(UserMenuDropDown.java:326)
at com.jan23.commontests.UserMenuDropDown.logout(UserMenuDropDown.java:326)
at com.jan23.commontests.UserMenuDropDown.logout(UserMenuDropDown.java:326)
at com.jan23.commontests.UserMenuDropDown.logout(UserMenuDropDown.java:326)
at com.jan23.commontests.UserMenuDropDown.logout(UserMenuDropDown.java:326)
at com.jan23.commontests.UserMenuDropDown.logout(UserMenuDropDown.java:326)
at com.jan23.commontests.UserMenuDropDown.logout(UserMenuDropDown.java:326)
at com.jan23.commontests.UserMenuDropDown.logout(UserMenuDropDown.java:326)
at com.jan23.commontests.UserMenuDropDown.logout(UserMenuDropDown.java:326)
at com.jan23.commontests.UserMenuDropDown.logout(UserMenuDropDown.java:326)
at com.jan23.commontests.UserMenuDropDown.logout(UserMenuDropDown.java:326)
at com.jan23.commontests.UserMenuDropDown.logout(UserMenuDropDown.java:326)
at com.jan23.commontests.UserMenuDropDown.logout(UserMenuDropDown.java:326)
at com.jan23.commontests.UserMenuDropDown.logout(UserMenuDropDown.java:326)
at com.jan23.commontests.UserMenuDropDown.logout(UserMenuDropDown.java:326)
at com.jan23.commontests.UserMenuDropDown.logout(UserMenuDropDown.java:326)
at com.jan23.commontests.UserMenuDropDown.logout(UserMenuDropDown.java:326)
at com.jan23.commontests.UserMenuDropDown.logout(UserMenuDropDown.java:326)
at com.jan23.commontests.UserMenuDropDown.logout(UserMenuDropDown.java:326)
at com.jan23.commontests.UserMenuDropDown.logout(UserMenuDropDown.java:326)
at com.jan23.commontests.UserMenuDropDown.logout(UserMenuDropDown.java:326)
at com.jan23.commontests.UserMenuDropDown.logout(UserMenuDropDown.java:326)
at com.jan23.commontests.UserMenuDropDown.logout(UserMenuDropDown.java:326)
at com.jan23.commontests.UserMenuDropDown.logout(UserMenuDropDown.java:326)
at com.jan23.commontests.UserMenuDropDown.logout(UserMenuDropDown.java:326)
at com.jan23.commontests.UserMenuDropDown.logout(UserMenuDropDown.java:326)
at com.jan23.commontests.UserMenuDropDown.logout(UserMenuDropDown.java:326)
at com.jan23.commontests.UserMenuDropDown.logout(UserMenuDropDown.java:326)
at com.jan23.commontests.UserMenuDropDown.logout(UserMenuDropDown.java:326)
at com.jan23.commontests.UserMenuDropDown.logout(UserMenuDropDown.java:326)
at com.jan23.commontests.UserMenuDropDown.logout(UserMenuDropDown.java:326)
at com.jan23.commontests.UserMenuDropDown.logout(UserMenuDropDown.java:326)
at com.jan23.commontests.UserMenuDropDown.logout(UserMenuDropDown.java:326)
at com.jan23.commontests.UserMenuDropDown.logout(UserMenuDropDown.java:326)
at com.jan23.commontests.UserMenuDropDown.logout(UserMenuDropDown.java:326)
at com.jan23.commontests.UserMenuDropDown.logout(UserMenuDropDown.java:326)
at com.jan23.commontests.UserMenuDropDown.logout(UserMenuDropDown.java:326)
at com.jan23.commontests.UserMenuDropDown.logout(UserMenuDropDown.java:326)
at com.jan23.commontests.UserMenuDropDown.logout(UserMenuDropDown.java:326)
at com.jan23.commontests.UserMenuDropDown.logout(UserMenuDropDown.java:326)
at com.jan23.commontests.UserMenuDropDown.logout(UserMenuDropDown.java:326)
at com.jan23.commontests.UserMenuDropDown.logout(UserMenuDropDown.java:326)
at com.jan23.commontests.UserMenuDropDown.logout(UserMenuDropDown.java:326)
at com.jan23.commontests.UserMenuDropDown.logout(UserMenuDropDown.java:326)
at com.jan23.commontests.UserMenuDropDown.logout(UserMenuDropDown.java:326)
at com.jan23.commontests.UserMenuDropDown.logout(UserMenuDropDown.java:326)
at com.jan23.commontests.UserMenuDropDown.logout(UserMenuDropDown.java:326)
at com.jan23.commontests.UserMenuDropDown.logout(UserMenuDropDown.java:326)
at com.jan23.commontests.UserMenuDropDown.logout(UserMenuDropDown.java:326)
at com.jan23.commontests.UserMenuDropDown.logout(UserMenuDropDown.java:326)
at com.jan23.commontests.UserMenuDropDown.logout(UserMenuDropDown.java:326)
at com.jan23.commontests.UserMenuDropDown.logout(UserMenuDropDown.java:326)
at com.jan23.commontests.UserMenuDropDown.logout(UserMenuDropDown.java:326)
at com.jan23.commontests.UserMenuDropDown.logout(UserMenuDropDown.java:326)
at com.jan23.commontests.UserMenuDropDown.logout(UserMenuDropDown.java:326)
at com.jan23.commontests.UserMenuDropDown.logout(UserMenuDropDown.java:326)
at com.jan23.commontests.UserMenuDropDown.logout(UserMenuDropDown.java:326)
at com.jan23.commontests.UserMenuDropDown.logout(UserMenuDropDown.java:326)
at com.jan23.commontests.UserMenuDropDown.logout(UserMenuDropDown.java:326)
at com.jan23.commontests.UserMenuDropDown.logout(UserMenuDropDown.java:326)
at com.jan23.commontests.UserMenuDropDown.logout(UserMenuDropDown.java:326)
at com.jan23.commontests.UserMenuDropDown.logout(UserMenuDropDown.java:326)
at com.jan23.commontests.UserMenuDropDown.logout(UserMenuDropDown.java:326)
at com.jan23.commontests.UserMenuDropDown.logout(UserMenuDropDown.java:326)
at com.jan23.commontests.UserMenuDropDown.logout(UserMenuDropDown.java:326)
at com.jan23.commontests.UserMenuDropDown.logout(UserMenuDropDown.java:326)
at com.jan23.commontests.UserMenuDropDown.logout(UserMenuDropDown.java:326)
at com.jan23.commontests.UserMenuDropDown.logout(UserMenuDropDown.java:326)
at com.jan23.commontests.UserMenuDropDown.logout(UserMenuDropDown.java:326)
at com.jan23.commontests.UserMenuDropDown.logout(UserMenuDropDown.java:326)
at com.jan23.commontests.UserMenuDropDown.logout(UserMenuDropDown.java:326)
at com.jan23.commontests.UserMenuDropDown.logout(UserMenuDropDown.java:326)
at com.jan23.commontests.UserMenuDropDown.logout(UserMenuDropDown.java:326)
at com.jan23.commontests.UserMenuDropDown.logout(UserMenuDropDown.java:326)
at com.jan23.commontests.UserMenuDropDown.logout(UserMenuDropDown.java:326)
at com.jan23.commontests.UserMenuDropDown.logout(UserMenuDropDown.java:326)
at com.jan23.commontests.UserMenuDropDown.logout(UserMenuDropDown.java:326)
at com.jan23.commontests.UserMenuDropDown.logout(UserMenuDropDown.java:326)
at com.jan23.commontests.UserMenuDropDown.logout(UserMenuDropDown.java:326)
at com.jan23.commontests.UserMenuDropDown.logout(UserMenuDropDown.java:326)
at com.jan23.commontests.UserMenuDropDown.logout(UserMenuDropDown.java:326)
at com.jan23.commontests.UserMenuDropDown.logout(UserMenuDropDown.java:326)
at com.jan23.commontests.UserMenuDropDown.logout(UserMenuDropDown.java:326)
at com.jan23.commontests.UserMenuDropDown.logout(UserMenuDropDown.java:326)
at com.jan23.commontests.UserMenuDropDown.logout(UserMenuDropDown.java:326)
at com.jan23.commontests.UserMenuDropDown.logout(UserMenuDropDown.java:326)
at com.jan23.commontests.UserMenuDropDown.logout(UserMenuDropDown.java:326)
at com.jan23.commontests.UserMenuDropDown.logout(UserMenuDropDown.java:326)
at com.jan23.commontests.UserMenuDropDown.logout(UserMenuDropDown.java:326)
at com.jan23.commontests.UserMenuDropDown.logout(UserMenuDropDown.java:326)
at com.jan23.commontests.UserMenuDropDown.logout(UserMenuDropDown.java:326)
at com.jan23.commontests.UserMenuDropDown.logout(UserMenuDropDown.java:326)
at com.jan23.commontests.UserMenuDropDown.logout(UserMenuDropDown.java:326)
at com.jan23.commontests.UserMenuDropDown.logout(UserMenuDropDown.java:326)
at com.jan23.commontests.UserMenuDropDown.logout(UserMenuDropDown.java:326)
at com.jan23.commontests.UserMenuDropDown.logout(UserMenuDropDown.java:326)
at com.jan23.commontests.UserMenuDropDown.logout(UserMenuDropDown.java:326)
at com.jan23.commontests.UserMenuDropDown.logout(UserMenuDropDown.java:326)
at com.jan23.commontests.UserMenuDropDown.logout(UserMenuDropDown.java:326)
at com.jan23.commontests.UserMenuDropDown.logout(UserMenuDropDown.java:326)
at com.jan23.commontests.UserMenuDropDown.logout(UserMenuDropDown.java:326)
at com.jan23.commontests.UserMenuDropDown.logout(UserMenuDropDown.java:326)
at com.jan23.commontests.UserMenuDropDown.logout(UserMenuDropDown.java:326)
at com.jan23.commontests.UserMenuDropDown.logout(UserMenuDropDown.java:326)
at com.jan23.commontests.UserMenuDropDown.logout(UserMenuDropDown.java:326)
at com.jan23.commontests.UserMenuDropDown.logout(UserMenuDropDown.java:326)
at com.jan23.commontests.UserMenuDropDown.logout(UserMenuDropDown.java:326)
at com.jan23.commontests.UserMenuDropDown.logout(UserMenuDropDown.java:326)
at com.jan23.commontests.UserMenuDropDown.logout(UserMenuDropDown.java:326)
at com.jan23.commontests.UserMenuDropDown.logout(UserMenuDropDown.java:326)
at com.jan23.commontests.UserMenuDropDown.logout(UserMenuDropDown.java:326)
at com.jan23.commontests.UserMenuDropDown.logout(UserMenuDropDown.java:326)
at com.jan23.commontests.UserMenuDropDown.logout(UserMenuDropDown.java:326)
at com.jan23.commontests.UserMenuDropDown.logout(UserMenuDropDown.java:326)
at com.jan23.commontests.UserMenuDropDown.logout(UserMenuDropDown.java:326)
at com.jan23.commontests.UserMenuDropDown.logout(UserMenuDropDown.java:326)
at com.jan23.commontests.UserMenuDropDown.logout(UserMenuDropDown.java:326)
at com.jan23.commontests.UserMenuDropDown.logout(UserMenuDropDown.java:326)
at com.jan23.commontests.UserMenuDropDown.logout(UserMenuDropDown.java:326)
at com.jan23.commontests.UserMenuDropDown.logout(UserMenuDropDown.java:326)
at com.jan23.commontests.UserMenuDropDown.logout(UserMenuDropDown.java:326)
at com.jan23.commontests.UserMenuDropDown.logout(UserMenuDropDown.java:326)
at com.jan23.commontests.UserMenuDropDown.logout(UserMenuDropDown.java:326)
at com.jan23.commontests.UserMenuDropDown.logout(UserMenuDropDown.java:326)
at com.jan23.commontests.UserMenuDropDown.logout(UserMenuDropDown.java:326)
at com.jan23.commontests.UserMenuDropDown.logout(UserMenuDropDown.java:326)
at com.jan23.commontests.UserMenuDropDown.logout(UserMenuDropDown.java:326)
at com.jan23.commontests.UserMenuDropDown.logout(UserMenuDropDown.java:326)
at com.jan23.commontests.UserMenuDropDown.logout(UserMenuDropDown.java:326)
at com.jan23.commontests.UserMenuDropDown.logout(UserMenuDropDown.java:326)
at com.jan23.commontests.UserMenuDropDown.logout(UserMenuDropDown.java:326)
at com.jan23.commontests.UserMenuDropDown.logout(UserMenuDropDown.java:326)
at com.jan23.commontests.UserMenuDropDown.logout(UserMenuDropDown.java:326)
at com.jan23.commontests.UserMenuDropDown.logout(UserMenuDropDown.java:326)
at com.jan23.commontests.UserMenuDropDown.logout(UserMenuDropDown.java:326)
at com.jan23.commontests.UserMenuDropDown.logout(UserMenuDropDown.java:326)
at com.jan23.commontests.UserMenuDropDown.logout(UserMenuDropDown.java:326)
at com.jan23.commontests.UserMenuDropDown.logout(UserMenuDropDown.java:326)
at com.jan23.commontests.UserMenuDropDown.logout(UserMenuDropDown.java:326)
at com.jan23.commontests.UserMenuDropDown.logout(UserMenuDropDown.java:326)
at com.jan23.commontests.UserMenuDropDown.logout(UserMenuDropDown.java:326)
at com.jan23.commontests.UserMenuDropDown.logout(UserMenuDropDown.java:326)
at com.jan23.commontests.UserMenuDropDown.logout(UserMenuDropDown.java:326)
at com.jan23.commontests.UserMenuDropDown.logout(UserMenuDropDown.java:326)
at com.jan23.commontests.UserMenuDropDown.logout(UserMenuDropDown.java:326)
at com.jan23.commontests.UserMenuDropDown.logout(UserMenuDropDown.java:326)
at com.jan23.commontests.UserMenuDropDown.logout(UserMenuDropDown.java:326)
at com.jan23.commontests.UserMenuDropDown.logout(UserMenuDropDown.java:326)
at com.jan23.commontests.UserMenuDropDown.logout(UserMenuDropDown.java:326)
at com.jan23.commontests.UserMenuDropDown.logout(UserMenuDropDown.java:326)
at com.jan23.commontests.UserMenuDropDown.logout(UserMenuDropDown.java:326)
at com.jan23.commontests.UserMenuDropDown.logout(UserMenuDropDown.java:326)
at com.jan23.commontests.UserMenuDropDown.logout(UserMenuDropDown.java:326)
at com.jan23.commontests.UserMenuDropDown.logout(UserMenuDropDown.java:326)
at com.jan23.commontests.UserMenuDropDown.logout(UserMenuDropDown.java:326)
at com.jan23.commontests.UserMenuDropDown.logout(UserMenuDropDown.java:326)
at com.jan23.commontests.UserMenuDropDown.logout(UserMenuDropDown.java:326)
at com.jan23.commontests.UserMenuDropDown.logout(UserMenuDropDown.java:326)
at com.jan23.commontests.UserMenuDropDown.logout(UserMenuDropDown.java:326)
at com.jan23.commontests.UserMenuDropDown.logout(UserMenuDropDown.java:326)
at com.jan23.commontests.UserMenuDropDown.logout(UserMenuDropDown.java:326)
at com.jan23.commontests.UserMenuDropDown.logout(UserMenuDropDown.java:326)
at com.jan23.commontests.UserMenuDropDown.logout(UserMenuDropDown.java:326)
at com.jan23.commontests.UserMenuDropDown.logout(UserMenuDropDown.java:326)
at com.jan23.commontests.UserMenuDropDown.logout(UserMenuDropDown.java:326)
at com.jan23.commontests.UserMenuDropDown.logout(UserMenuDropDown.java:326)
at com.jan23.commontests.UserMenuDropDown.logout(UserMenuDropDown.java:326)
at com.jan23.commontests.UserMenuDropDown.logout(UserMenuDropDown.java:326)
at com.jan23.commontests.UserMenuDropDown.logout(UserMenuDropDown.java:326)
at com.jan23.commontests.UserMenuDropDown.logout(UserMenuDropDown.java:326)
at com.jan23.commontests.UserMenuDropDown.logout(UserMenuDropDown.java:326)
at com.jan23.commontests.UserMenuDropDown.logout(UserMenuDropDown.java:326)
at com.jan23.commontests.UserMenuDropDown.logout(UserMenuDropDown.java:326)
at com.jan23.commontests.UserMenuDropDown.logout(UserMenuDropDown.java:326)
at com.jan23.commontests.UserMenuDropDown.logout(UserMenuDropDown.java:326)
at com.jan23.commontests.UserMenuDropDown.logout(UserMenuDropDown.java:326)
at com.jan23.commontests.UserMenuDropDown.logout(UserMenuDropDown.java:326)
at com.jan23.commontests.UserMenuDropDown.logout(UserMenuDropDown.java:326)
at com.jan23.commontests.UserMenuDropDown.logout(UserMenuDropDown.java:326)
at com.jan23.commontests.UserMenuDropDown.logout(UserMenuDropDown.java:326)
at com.jan23.commontests.UserMenuDropDown.logout(UserMenuDropDown.java:326)
at com.jan23.commontests.UserMenuDropDown.logout(UserMenuDropDown.java:326)
at com.jan23.commontests.UserMenuDropDown.logout(UserMenuDropDown.java:326)
at com.jan23.commontests.UserMenuDropDown.logout(UserMenuDropDown.java:326)
at com.jan23.commontests.UserMenuDropDown.logout(UserMenuDropDown.java:326)
at com.jan23.commontests.UserMenuDropDown.logout(UserMenuDropDown.java:326)
at com.jan23.commontests.UserMenuDropDown.logout(UserMenuDropDown.java:326)
at com.jan23.commontests.UserMenuDropDown.logout(UserMenuDropDown.java:326)
at com.jan23.commontests.UserMenuDropDown.logout(UserMenuDropDown.java:326)
at com.jan23.commontests.UserMenuDropDown.logout(UserMenuDropDown.java:326)
at com.jan23.commontests.UserMenuDropDown.logout(UserMenuDropDown.java:326)
at com.jan23.commontests.UserMenuDropDown.logout(UserMenuDropDown.java:326)
at com.jan23.commontests.UserMenuDropDown.logout(UserMenuDropDown.java:326)
at com.jan23.commontests.UserMenuDropDown.logout(UserMenuDropDown.java:326)
at com.jan23.commontests.UserMenuDropDown.logout(UserMenuDropDown.java:326)
at com.jan23.commontests.UserMenuDropDown.logout(UserMenuDropDown.java:326)
at com.jan23.commontests.UserMenuDropDown.logout(UserMenuDropDown.java:326)
at com.jan23.commontests.UserMenuDropDown.logout(UserMenuDropDown.java:326)
at com.jan23.commontests.UserMenuDropDown.logout(UserMenuDropDown.java:326)
at com.jan23.commontests.UserMenuDropDown.logout(UserMenuDropDown.java:326)
at com.jan23.commontests.UserMenuDropDown.logout(UserMenuDropDown.java:326)
at com.jan23.commontests.UserMenuDropDown.logout(UserMenuDropDown.java:326)
at com.jan23.commontests.UserMenuDropDown.logout(UserMenuDropDown.java:326)
at com.jan23.commontests.UserMenuDropDown.logout(UserMenuDropDown.java:326)
at com.jan23.commontests.UserMenuDropDown.logout(UserMenuDropDown.java:326)
at com.jan23.commontests.UserMenuDropDown.logout(UserMenuDropDown.java:326)
at com.jan23.commontests.UserMenuDropDown.logout(UserMenuDropDown.java:326)
at com.jan23.commontests.UserMenuDropDown.logout(UserMenuDropDown.java:326)
at com.jan23.commontests.UserMenuDropDown.logout(UserMenuDropDown.java:326)
at com.jan23.commontests.UserMenuDropDown.logout(UserMenuDropDown.java:326)
at com.jan23.commontests.UserMenuDropDown.logout(UserMenuDropDown.java:326)
at com.jan23.commontests.UserMenuDropDown.logout(UserMenuDropDown.java:326)
at com.jan23.commontests.UserMenuDropDown.logout(UserMenuDropDown.java:326)
at com.jan23.commontests.UserMenuDropDown.logout(UserMenuDropDown.java:326)
at com.jan23.commontests.UserMenuDropDown.logout(UserMenuDropDown.java:326)
at com.jan23.commontests.UserMenuDropDown.logout(UserMenuDropDown.java:326)
at com.jan23.commontests.UserMenuDropDown.logout(UserMenuDropDown.java:326)
at com.jan23.commontests.UserMenuDropDown.logout(UserMenuDropDown.java:326)
at com.jan23.commontests.UserMenuDropDown.logout(UserMenuDropDown.java:326)
at com.jan23.commontests.UserMenuDropDown.logout(UserMenuDropDown.java:326)
at com.jan23.commontests.UserMenuDropDown.logout(UserMenuDropDown.java:326)
at com.jan23.commontests.UserMenuDropDown.logout(UserMenuDropDown.java:326)
at com.jan23.commontests.UserMenuDropDown.logout(UserMenuDropDown.java:326)
at com.jan23.commontests.UserMenuDropDown.logout(UserMenuDropDown.java:326)
at com.jan23.commontests.UserMenuDropDown.logout(UserMenuDropDown.java:326)
at com.jan23.commontests.UserMenuDropDown.logout(UserMenuDropDown.java:326)
at com.jan23.commontests.UserMenuDropDown.logout(UserMenuDropDown.java:326)
at com.jan23.commontests.UserMenuDropDown.logout(UserMenuDropDown.java:326)
at com.jan23.commontests.UserMenuDropDown.logout(UserMenuDropDown.java:326)
at com.jan23.commontests.UserMenuDropDown.logout(UserMenuDropDown.java:326)
at com.jan23.commontests.UserMenuDropDown.logout(UserMenuDropDown.java:326)
at com.jan23.commontests.UserMenuDropDown.logout(UserMenuDropDown.java:326)
at com.jan23.commontests.UserMenuDropDown.logout(UserMenuDropDown.java:326)
at com.jan23.commontests.UserMenuDropDown.logout(UserMenuDropDown.java:326)
at com.jan23.commontests.UserMenuDropDown.logout(UserMenuDropDown.java:326)
at com.jan23.commontests.UserMenuDropDown.logout(UserMenuDropDown.java:326)
at com.jan23.commontests.UserMenuDropDown.logout(UserMenuDropDown.java:326)
at com.jan23.commontests.UserMenuDropDown.logout(UserMenuDropDown.java:326)
at com.jan23.commontests.UserMenuDropDown.logout(UserMenuDropDown.java:326)
at com.jan23.commontests.UserMenuDropDown.logout(UserMenuDropDown.java:326)
at com.jan23.commontests.UserMenuDropDown.logout(UserMenuDropDown.java:326)
at com.jan23.commontests.UserMenuDropDown.logout(UserMenuDropDown.java:326)
at com.jan23.commontests.UserMenuDropDown.logout(UserMenuDropDown.java:326)
at com.jan23.commontests.UserMenuDropDown.logout(UserMenuDropDown.java:326)
at com.jan23.commontests.UserMenuDropDown.logout(UserMenuDropDown.java:326)
at com.jan23.commontests.UserMenuDropDown.logout(UserMenuDropDown.java:326)
at com.jan23.commontests.UserMenuDropDown.logout(UserMenuDropDown.java:326)
at com.jan23.commontests.UserMenuDropDown.logout(UserMenuDropDown.java:326)
at com.jan23.commontests.UserMenuDropDown.logout(UserMenuDropDown.java:326)
at com.jan23.commontests.UserMenuDropDown.logout(UserMenuDropDown.java:326)
at com.jan23.commontests.UserMenuDropDown.logout(UserMenuDropDown.java:326)
at com.jan23.commontests.UserMenuDropDown.logout(UserMenuDropDown.java:326)
at com.jan23.commontests.UserMenuDropDown.logout(UserMenuDropDown.java:326)
at com.jan23.commontests.UserMenuDropDown.logout(UserMenuDropDown.java:326)
at com.jan23.commontests.UserMenuDropDown.logout(UserMenuDropDown.java:326)
at com.jan23.commontests.UserMenuDropDown.logout(UserMenuDropDown.java:326)
at com.jan23.commontests.UserMenuDropDown.logout(UserMenuDropDown.java:326)
at com.jan23.commontests.UserMenuDropDown.logout(UserMenuDropDown.java:326)
at com.jan23.commontests.UserMenuDropDown.logout(UserMenuDropDown.java:326)
at com.jan23.commontests.UserMenuDropDown.logout(UserMenuDropDown.java:326)
at com.jan23.commontests.UserMenuDropDown.logout(UserMenuDropDown.java:326)
at com.jan23.commontests.UserMenuDropDown.logout(UserMenuDropDown.java:326)
at com.jan23.commontests.UserMenuDropDown.logout(UserMenuDropDown.java:326)
at com.jan23.commontests.UserMenuDropDown.logout(UserMenuDropDown.java:326)
at com.jan23.commontests.UserMenuDropDown.logout(UserMenuDropDown.java:326)
at com.jan23.commontests.UserMenuDropDown.logout(UserMenuDropDown.java:326)
at com.jan23.commontests.UserMenuDropDown.logout(UserMenuDropDown.java:326)
at com.jan23.commontests.UserMenuDropDown.logout(UserMenuDropDown.java:326)
at com.jan23.commontests.UserMenuDropDown.logout(UserMenuDropDown.java:326)
at com.jan23.commontests.UserMenuDropDown.logout(UserMenuDropDown.java:326)
at com.jan23.commontests.UserMenuDropDown.logout(UserMenuDropDown.java:326)
at com.jan23.commontests.UserMenuDropDown.logout(UserMenuDropDown.java:326)
at com.jan23.commontests.UserMenuDropDown.logout(UserMenuDropDown.java:326)
at com.jan23.commontests.UserMenuDropDown.logout(UserMenuDropDown.java:326)
at com.jan23.commontests.UserMenuDropDown.logout(UserMenuDropDown.java:326)
at com.jan23.commontests.UserMenuDropDown.logout(UserMenuDropDown.java:326)
at com.jan23.commontests.UserMenuDropDown.logout(UserMenuDropDown.java:326)
at com.jan23.commontests.UserMenuDropDown.logout(UserMenuDropDown.java:326)
at com.jan23.commontests.UserMenuDropDown.logout(UserMenuDropDown.java:326)
at com.jan23.commontests.UserMenuDropDown.logout(UserMenuDropDown.java:326)
at com.jan23.commontests.UserMenuDropDown.logout(UserMenuDropDown.java:326)
at com.jan23.commontests.UserMenuDropDown.logout(UserMenuDropDown.java:326)
at com.jan23.commontests.UserMenuDropDown.logout(UserMenuDropDown.java:326)
at com.jan23.commontests.UserMenuDropDown.logout(UserMenuDropDown.java:326)
at com.jan23.commontests.UserMenuDropDown.logout(UserMenuDropDown.java:326)
at com.jan23.commontests.UserMenuDropDown.logout(UserMenuDropDown.java:326)
at com.jan23.commontests.UserMenuDropDown.logout(UserMenuDropDown.java:326)
at com.jan23.commontests.UserMenuDropDown.logout(UserMenuDropDown.java:326)
at com.jan23.commontests.UserMenuDropDown.logout(UserMenuDropDown.java:326)
at com.jan23.commontests.UserMenuDropDown.logout(UserMenuDropDown.java:326)
at com.jan23.commontests.UserMenuDropDown.logout(UserMenuDropDown.java:326)
at com.jan23.commontests.UserMenuDropDown.logout(UserMenuDropDown.java:326)
at com.jan23.commontests.UserMenuDropDown.logout(UserMenuDropDown.java:326)
at com.jan23.commontests.UserMenuDropDown.logout(UserMenuDropDown.java:326)
at com.jan23.commontests.UserMenuDropDown.logout(UserMenuDropDown.java:326)
at com.jan23.commontests.UserMenuDropDown.logout(UserMenuDropDown.java:326)
at com.jan23.commontests.UserMenuDropDown.logout(UserMenuDropDown.java:326)
at com.jan23.commontests.UserMenuDropDown.logout(UserMenuDropDown.java:326)
at com.jan23.commontests.UserMenuDropDown.logout(UserMenuDropDown.java:326)
at com.jan23.commontests.UserMenuDropDown.logout(UserMenuDropDown.java:326)
at com.jan23.commontests.UserMenuDropDown.logout(UserMenuDropDown.java:326)
at com.jan23.commontests.UserMenuDropDown.logout(UserMenuDropDown.java:326)
at com.jan23.commontests.UserMenuDropDown.logout(UserMenuDropDown.java:326)
at com.jan23.commontests.UserMenuDropDown.logout(UserMenuDropDown.java:326)
at com.jan23.commontests.UserMenuDropDown.logout(UserMenuDropDown.java:326)
at com.jan23.commontests.UserMenuDropDown.logout(UserMenuDropDown.java:326)
at com.jan23.commontests.UserMenuDropDown.logout(UserMenuDropDown.java:326)
at com.jan23.commontests.UserMenuDropDown.logout(UserMenuDropDown.java:326)
at com.jan23.commontests.UserMenuDropDown.logout(UserMenuDropDown.java:326)
at com.jan23.commontests.UserMenuDropDown.logout(UserMenuDropDown.java:326)
at com.jan23.commontests.UserMenuDropDown.logout(UserMenuDropDown.java:326)
at com.jan23.commontests.UserMenuDropDown.logout(UserMenuDropDown.java:326)
at com.jan23.commontests.UserMenuDropDown.logout(UserMenuDropDown.java:326)
at com.jan23.commontests.UserMenuDropDown.logout(UserMenuDropDown.java:326)
at com.jan23.commontests.UserMenuDropDown.logout(UserMenuDropDown.java:326)
at com.jan23.commontests.UserMenuDropDown.logout(UserMenuDropDown.java:326)
at com.jan23.commontests.UserMenuDropDown.logout(UserMenuDropDown.java:326)
at com.jan23.commontests.UserMenuDropDown.logout(UserMenuDropDown.java:326)
at com.jan23.commontests.UserMenuDropDown.logout(UserMenuDropDown.java:326)
at com.jan23.commontests.UserMenuDropDown.logout(UserMenuDropDown.java:326)
at com.jan23.commontests.UserMenuDropDown.logout(UserMenuDropDown.java:326)
at com.jan23.commontests.UserMenuDropDown.logout(UserMenuDropDown.java:326)
at com.jan23.commontests.UserMenuDropDown.logout(UserMenuDropDown.java:326)
at com.jan23.commontests.UserMenuDropDown.logout(UserMenuDropDown.java:326)
at com.jan23.commontests.UserMenuDropDown.logout(UserMenuDropDown.java:326)
at com.jan23.commontests.UserMenuDropDown.logout(UserMenuDropDown.java:326)
at com.jan23.commontests.UserMenuDropDown.logout(UserMenuDropDown.java:326)
at com.jan23.commontests.UserMenuDropDown.logout(UserMenuDropDown.java:326)
at com.jan23.commontests.UserMenuDropDown.logout(UserMenuDropDown.java:326)
at com.jan23.commontests.UserMenuDropDown.logout(UserMenuDropDown.java:326)
at com.jan23.commontests.UserMenuDropDown.logout(UserMenuDropDown.java:326)
at com.jan23.commontests.UserMenuDropDown.logout(UserMenuDropDown.java:326)
at com.jan23.commontests.UserMenuDropDown.logout(UserMenuDropDown.java:326)
at com.jan23.commontests.UserMenuDropDown.logout(UserMenuDropDown.java:326)
at com.jan23.commontests.UserMenuDropDown.logout(UserMenuDropDown.java:326)
at com.jan23.commontests.UserMenuDropDown.logout(UserMenuDropDown.java:326)
at com.jan23.commontests.UserMenuDropDown.logout(UserMenuDropDown.java:326)
at com.jan23.commontests.UserMenuDropDown.logout(UserMenuDropDown.java:326)
at com.jan23.commontests.UserMenuDropDown.logout(UserMenuDropDown.java:326)
at com.jan23.commontests.UserMenuDropDown.logout(UserMenuDropDown.java:326)
at com.jan23.commontests.UserMenuDropDown.logout(UserMenuDropDown.java:326)
at com.jan23.commontests.UserMenuDropDown.logout(UserMenuDropDown.java:326)
at com.jan23.commontests.UserMenuDropDown.logout(UserMenuDropDown.java:326)
at com.jan23.commontests.UserMenuDropDown.logout(UserMenuDropDown.java:326)
at com.jan23.commontests.UserMenuDropDown.logout(UserMenuDropDown.java:326)
at com.jan23.commontests.UserMenuDropDown.logout(UserMenuDropDown.java:326)
at com.jan23.commontests.UserMenuDropDown.logout(UserMenuDropDown.java:326)
at com.jan23.commontests.UserMenuDropDown.logout(UserMenuDropDown.java:326)
at com.jan23.commontests.UserMenuDropDown.logout(UserMenuDropDown.java:326)
at com.jan23.commontests.UserMenuDropDown.logout(UserMenuDropDown.java:326)
at com.jan23.commontests.UserMenuDropDown.logout(UserMenuDropDown.java:326)
at com.jan23.commontests.UserMenuDropDown.logout(UserMenuDropDown.java:326)
at com.jan23.commontests.UserMenuDropDown.logout(UserMenuDropDown.java:326)
at com.jan23.commontests.UserMenuDropDown.logout(UserMenuDropDown.java:326)
at com.jan23.commontests.UserMenuDropDown.logout(UserMenuDropDown.java:326)
at com.jan23.commontests.UserMenuDropDown.logout(UserMenuDropDown.java:326)
at com.jan23.commontests.UserMenuDropDown.logout(UserMenuDropDown.java:326)
at com.jan23.commontests.UserMenuDropDown.logout(UserMenuDropDown.java:326)
at com.jan23.commontests.UserMenuDropDown.logout(UserMenuDropDown.java:326)
at com.jan23.commontests.UserMenuDropDown.logout(UserMenuDropDown.java:326)
at com.jan23.commontests.UserMenuDropDown.logout(UserMenuDropDown.java:326)
at com.jan23.commontests.UserMenuDropDown.logout(UserMenuDropDown.java:326)
at com.jan23.commontests.UserMenuDropDown.logout(UserMenuDropDown.java:326)
at com.jan23.commontests.UserMenuDropDown.logout(UserMenuDropDown.java:326)
at com.jan23.commontests.UserMenuDropDown.logout(UserMenuDropDown.java:326)
at com.jan23.commontests.UserMenuDropDown.logout(UserMenuDropDown.java:326)
at com.jan23.commontests.UserMenuDropDown.logout(UserMenuDropDown.java:326)
at com.jan23.commontests.UserMenuDropDown.logout(UserMenuDropDown.java:326)
at com.jan23.commontests.UserMenuDropDown.logout(UserMenuDropDown.java:326)
at com.jan23.commontests.UserMenuDropDown.logout(UserMenuDropDown.java:326)
at com.jan23.commontests.UserMenuDropDown.logout(UserMenuDropDown.java:326)
at com.jan23.commontests.UserMenuDropDown.logout(UserMenuDropDown.java:326)
at com.jan23.commontests.UserMenuDropDown.logout(UserMenuDropDown.java:326)
at com.jan23.commontests.UserMenuDropDown.logout(UserMenuDropDown.java:326)
at com.jan23.commontests.UserMenuDropDown.logout(UserMenuDropDown.java:326)
at com.jan23.commontests.UserMenuDropDown.logout(UserMenuDropDown.java:326)
at com.jan23.commontests.UserMenuDropDown.logout(UserMenuDropDown.java:326)
at com.jan23.commontests.UserMenuDropDown.logout(UserMenuDropDown.java:326)
at com.jan23.commontests.UserMenuDropDown.logout(UserMenuDropDown.java:326)
at com.jan23.commontests.UserMenuDropDown.logout(UserMenuDropDown.java:326)
at com.jan23.commontests.UserMenuDropDown.logout(UserMenuDropDown.java:326)
at com.jan23.commontests.UserMenuDropDown.logout(UserMenuDropDown.java:326)
at com.jan23.commontests.UserMenuDropDown.logout(UserMenuDropDown.java:326)
at com.jan23.commontests.UserMenuDropDown.logout(UserMenuDropDown.java:326)
at com.jan23.commontests.UserMenuDropDown.logout(UserMenuDropDown.java:326)
at com.jan23.commontests.UserMenuDropDown.logout(UserMenuDropDown.java:326)
at com.jan23.commontests.UserMenuDropDown.logout(UserMenuDropDown.java:326)
at com.jan23.commontests.UserMenuDropDown.logout(UserMenuDropDown.java:326)
at com.jan23.commontests.UserMenuDropDown.logout(UserMenuDropDown.java:326)
at com.jan23.commontests.UserMenuDropDown.logout(UserMenuDropDown.java:326)
at com.jan23.commontests.UserMenuDropDown.logout(UserMenuDropDown.java:326)
at com.jan23.commontests.UserMenuDropDown.logout(UserMenuDropDown.java:326)
at com.jan23.commontests.UserMenuDropDown.logout(UserMenuDropDown.java:326)
at com.jan23.commontests.UserMenuDropDown.logout(UserMenuDropDown.java:326)
at com.jan23.commontests.UserMenuDropDown.logout(UserMenuDropDown.java:326)
at com.jan23.commontests.UserMenuDropDown.logout(UserMenuDropDown.java:326)
at com.jan23.commontests.UserMenuDropDown.logout(UserMenuDropDown.java:326)
at com.jan23.commontests.UserMenuDropDown.logout(UserMenuDropDown.java:326)
at com.jan23.commontests.UserMenuDropDown.logout(UserMenuDropDown.java:326)
at com.jan23.commontests.UserMenuDropDown.logout(UserMenuDropDown.java:326)
at com.jan23.commontests.UserMenuDropDown.logout(UserMenuDropDown.java:326)
at com.jan23.commontests.UserMenuDropDown.logout(UserMenuDropDown.java:326)
at com.jan23.commontests.UserMenuDropDown.logout(UserMenuDropDown.java:326)
at com.jan23.commontests.UserMenuDropDown.logout(UserMenuDropDown.java:326)
at com.jan23.commontests.UserMenuDropDown.logout(UserMenuDropDown.java:326)
at com.jan23.commontests.UserMenuDropDown.logout(UserMenuDropDown.java:326)
at com.jan23.commontests.UserMenuDropDown.logout(UserMenuDropDown.java:326)
at com.jan23.commontests.UserMenuDropDown.logout(UserMenuDropDown.java:326)
at com.jan23.commontests.UserMenuDropDown.logout(UserMenuDropDown.java:326)
at com.jan23.commontests.UserMenuDropDown.logout(UserMenuDropDown.java:326)
at com.jan23.commontests.UserMenuDropDown.logout(UserMenuDropDown.java:326)
at com.jan23.commontests.UserMenuDropDown.logout(UserMenuDropDown.java:326)
at com.jan23.commontests.UserMenuDropDown.logout(UserMenuDropDown.java:326)
at com.jan23.commontests.UserMenuDropDown.logout(UserMenuDropDown.java:326)
at com.jan23.commontests.UserMenuDropDown.logout(UserMenuDropDown.java:326)
at com.jan23.commontests.UserMenuDropDown.logout(UserMenuDropDown.java:326)
at com.jan23.commontests.UserMenuDropDown.logout(UserMenuDropDown.java:326)
at com.jan23.commontests.UserMenuDropDown.logout(UserMenuDropDown.java:326)
at com.jan23.commontests.UserMenuDropDown.logout(UserMenuDropDown.java:326)
at com.jan23.commontests.UserMenuDropDown.logout(UserMenuDropDown.java:326)
at com.jan23.commontests.UserMenuDropDown.logout(UserMenuDropDown.java:326)
at com.jan23.commontests.UserMenuDropDown.logout(UserMenuDropDown.java:326)
at com.jan23.commontests.UserMenuDropDown.logout(UserMenuDropDown.java:326)
at com.jan23.commontests.UserMenuDropDown.logout(UserMenuDropDown.java:326)
at com.jan23.commontests.UserMenuDropDown.logout(UserMenuDropDown.java:326)
at com.jan23.commontests.UserMenuDropDown.logout(UserMenuDropDown.java:326)
at com.jan23.commontests.UserMenuDropDown.logout(UserMenuDropDown.java:326)
at com.jan23.commontests.UserMenuDropDown.logout(UserMenuDropDown.java:326)
at com.jan23.commontests.UserMenuDropDown.logout(UserMenuDropDown.java:326)
at com.jan23.commontests.UserMenuDropDown.logout(UserMenuDropDown.java:326)
at com.jan23.commontests.UserMenuDropDown.logout(UserMenuDropDown.java:326)
at com.jan23.commontests.UserMenuDropDown.logout(UserMenuDropDown.java:326)
at com.jan23.commontests.UserMenuDropDown.logout(UserMenuDropDown.java:326)
at com.jan23.commontests.UserMenuDropDown.logout(UserMenuDropDown.java:326)
at com.jan23.commontests.UserMenuDropDown.logout(UserMenuDropDown.java:326)
at com.jan23.commontests.UserMenuDropDown.logout(UserMenuDropDown.java:326)
at com.jan23.commontests.UserMenuDropDown.logout(UserMenuDropDown.java:326)
at com.jan23.commontests.UserMenuDropDown.logout(UserMenuDropDown.java:326)
at com.jan23.commontests.UserMenuDropDown.logout(UserMenuDropDown.java:326)
at com.jan23.commontests.UserMenuDropDown.logout(UserMenuDropDown.java:326)
at com.jan23.commontests.UserMenuDropDown.logout(UserMenuDropDown.java:326)
at com.jan23.commontests.UserMenuDropDown.logout(UserMenuDropDown.java:326)
at com.jan23.commontests.UserMenuDropDown.logout(UserMenuDropDown.java:326)
at com.jan23.commontests.UserMenuDropDown.logout(UserMenuDropDown.java:326)
at com.jan23.commontests.UserMenuDropDown.logout(UserMenuDropDown.java:326)
at com.jan23.commontests.UserMenuDropDown.logout(UserMenuDropDown.java:326)
at com.jan23.commontests.UserMenuDropDown.logout(UserMenuDropDown.java:326)
at com.jan23.commontests.UserMenuDropDown.logout(UserMenuDropDown.java:326)
at com.jan23.commontests.UserMenuDropDown.logout(UserMenuDropDown.java:326)
at com.jan23.commontests.UserMenuDropDown.logout(UserMenuDropDown.java:326)
at com.jan23.commontests.UserMenuDropDown.logout(UserMenuDropDown.java:326)
at com.jan23.commontests.UserMenuDropDown.logout(UserMenuDropDown.java:326)
at com.jan23.commontests.UserMenuDropDown.logout(UserMenuDropDown.java:326)
at com.jan23.commontests.UserMenuDropDown.logout(UserMenuDropDown.java:326)
at com.jan23.commontests.UserMenuDropDown.logout(UserMenuDropDown.java:326)
at com.jan23.commontests.UserMenuDropDown.logout(UserMenuDropDown.java:326)
at com.jan23.commontests.UserMenuDropDown.logout(UserMenuDropDown.java:326)
at com.jan23.commontests.UserMenuDropDown.logout(UserMenuDropDown.java:326)
at com.jan23.commontests.UserMenuDropDown.logout(UserMenuDropDown.java:326)
at com.jan23.commontests.UserMenuDropDown.logout(UserMenuDropDown.java:326)
at com.jan23.commontests.UserMenuDropDown.logout(UserMenuDropDown.java:326)
at com.jan23.commontests.UserMenuDropDown.logout(UserMenuDropDown.java:326)
at com.jan23.commontests.UserMenuDropDown.logout(UserMenuDropDown.java:326)
at com.jan23.commontests.UserMenuDropDown.logout(UserMenuDropDown.java:326)
at com.jan23.commontests.UserMenuDropDown.logout(UserMenuDropDown.java:326)
at com.jan23.commontests.UserMenuDropDown.logout(UserMenuDropDown.java:326)
at com.jan23.commontests.UserMenuDropDown.logout(UserMenuDropDown.java:326)
at com.jan23.commontests.UserMenuDropDown.logout(UserMenuDropDown.java:326)
at com.jan23.commontests.UserMenuDropDown.logout(UserMenuDropDown.java:326)
at com.jan23.commontests.UserMenuDropDown.logout(UserMenuDropDown.java:326)
at com.jan23.commontests.UserMenuDropDown.logout(UserMenuDropDown.java:326)
at com.jan23.commontests.UserMenuDropDown.logout(UserMenuDropDown.java:326)
at com.jan23.commontests.UserMenuDropDown.logout(UserMenuDropDown.java:326)
at com.jan23.commontests.UserMenuDropDown.logout(UserMenuDropDown.java:326)
at com.jan23.commontests.UserMenuDropDown.logout(UserMenuDropDown.java:326)
at com.jan23.commontests.UserMenuDropDown.logout(UserMenuDropDown.java:326)
at com.jan23.commontests.UserMenuDropDown.logout(UserMenuDropDown.java:326)
at com.jan23.commontests.UserMenuDropDown.logout(UserMenuDropDown.java:326)
at com.jan23.commontests.UserMenuDropDown.logout(UserMenuDropDown.java:326)
at com.jan23.commontests.UserMenuDropDown.logout(UserMenuDropDown.java:326)
at com.jan23.commontests.UserMenuDropDown.logout(UserMenuDropDown.java:326)
at com.jan23.commontests.UserMenuDropDown.logout(UserMenuDropDown.java:326)
at com.jan23.commontests.UserMenuDropDown.logout(UserMenuDropDown.java:326)
at com.jan23.commontests.UserMenuDropDown.logout(UserMenuDropDown.java:326)
at com.jan23.commontests.UserMenuDropDown.logout(UserMenuDropDown.java:326)
at com.jan23.commontests.UserMenuDropDown.logout(UserMenuDropDown.java:326)
at com.jan23.commontests.UserMenuDropDown.logout(UserMenuDropDown.java:326)
at com.jan23.commontests.UserMenuDropDown.logout(UserMenuDropDown.java:326)
at com.jan23.commontests.UserMenuDropDown.logout(UserMenuDropDown.java:326)
at com.jan23.commontests.UserMenuDropDown.logout(UserMenuDropDown.java:326)
at com.jan23.commontests.UserMenuDropDown.logout(UserMenuDropDown.java:326)
at com.jan23.commontests.UserMenuDropDown.logout(UserMenuDropDown.java:326)
at com.jan23.commontests.UserMenuDropDown.logout(UserMenuDropDown.java:326)
at com.jan23.commontests.UserMenuDropDown.logout(UserMenuDropDown.java:326)
at com.jan23.commontests.UserMenuDropDown.logout(UserMenuDropDown.java:326)
at com.jan23.commontests.UserMenuDropDown.logout(UserMenuDropDown.java:326)
at com.jan23.commontests.UserMenuDropDown.logout(UserMenuDropDown.java:326)
at com.jan23.commontests.UserMenuDropDown.logout(UserMenuDropDown.java:326)
at com.jan23.commontests.UserMenuDropDown.logout(UserMenuDropDown.java:326)
at com.jan23.commontests.UserMenuDropDown.logout(UserMenuDropDown.java:326)
at com.jan23.commontests.UserMenuDropDown.logout(UserMenuDropDown.java:326)
at com.jan23.commontests.UserMenuDropDown.logout(UserMenuDropDown.java:326)
at com.jan23.commontests.UserMenuDropDown.logout(UserMenuDropDown.java:326)
at com.jan23.commontests.UserMenuDropDown.logout(UserMenuDropDown.java:326)
at com.jan23.commontests.UserMenuDropDown.logout(UserMenuDropDown.java:326)
at com.jan23.commontests.UserMenuDropDown.logout(UserMenuDropDown.java:326)
at com.jan23.commontests.UserMenuDropDown.logout(UserMenuDropDown.java:326)
at com.jan23.commontests.UserMenuDropDown.logout(UserMenuDropDown.java:326)
at com.jan23.commontests.UserMenuDropDown.logout(UserMenuDropDown.java:326)
at com.jan23.commontests.UserMenuDropDown.logout(UserMenuDropDown.java:326)
at com.jan23.commontests.UserMenuDropDown.logout(UserMenuDropDown.java:326)
at com.jan23.commontests.UserMenuDropDown.logout(UserMenuDropDown.java:326)
at com.jan23.commontests.UserMenuDropDown.logout(UserMenuDropDown.java:326)
at com.jan23.commontests.UserMenuDropDown.logout(UserMenuDropDown.java:326)
at com.jan23.commontests.UserMenuDropDown.logout(UserMenuDropDown.java:326)
at com.jan23.commontests.UserMenuDropDown.logout(UserMenuDropDown.java:326)
at com.jan23.commontests.UserMenuDropDown.logout(UserMenuDropDown.java:326)
at com.jan23.commontests.UserMenuDropDown.logout(UserMenuDropDown.java:326)
at com.jan23.commontests.UserMenuDropDown.logout(UserMenuDropDown.java:326)
at com.jan23.commontests.UserMenuDropDown.logout(UserMenuDropDown.java:326)
at com.jan23.commontests.UserMenuDropDown.logout(UserMenuDropDown.java:326)
at com.jan23.commontests.UserMenuDropDown.logout(UserMenuDropDown.java:326)
at com.jan23.commontests.UserMenuDropDown.logout(UserMenuDropDown.java:326)
at com.jan23.commontests.UserMenuDropDown.logout(UserMenuDropDown.java:326)
at com.jan23.commontests.UserMenuDropDown.logout(UserMenuDropDown.java:326)
at com.jan23.commontests.UserMenuDropDown.logout(UserMenuDropDown.java:326)
at com.jan23.commontests.UserMenuDropDown.logout(UserMenuDropDown.java:326)
at com.jan23.commontests.UserMenuDropDown.logout(UserMenuDropDown.java:326)
at com.jan23.commontests.UserMenuDropDown.logout(UserMenuDropDown.java:326)
at com.jan23.commontests.UserMenuDropDown.logout(UserMenuDropDown.java:326)
at com.jan23.commontests.UserMenuDropDown.logout(UserMenuDropDown.java:326)
at com.jan23.commontests.UserMenuDropDown.logout(UserMenuDropDown.java:326)
at com.jan23.commontests.UserMenuDropDown.logout(UserMenuDropDown.java:326)
at com.jan23.commontests.UserMenuDropDown.logout(UserMenuDropDown.java:326)
at com.jan23.commontests.UserMenuDropDown.logout(UserMenuDropDown.java:326)
at com.jan23.commontests.UserMenuDropDown.logout(UserMenuDropDown.java:326)
at com.jan23.commontests.UserMenuDropDown.logout(UserMenuDropDown.java:326)
at com.jan23.commontests.UserMenuDropDown.logout(UserMenuDropDown.java:326)
at com.jan23.commontests.UserMenuDropDown.logout(UserMenuDropDown.java:326)
at com.jan23.commontests.UserMenuDropDown.logout(UserMenuDropDown.java:326)
at com.jan23.commontests.UserMenuDropDown.logout(UserMenuDropDown.java:326)
at com.jan23.commontests.UserMenuDropDown.logout(UserMenuDropDown.java:326)
at com.jan23.commontests.UserMenuDropDown.logout(UserMenuDropDown.java:326)
at com.jan23.commontests.UserMenuDropDown.logout(UserMenuDropDown.java:326)
at com.jan23.commontests.UserMenuDropDown.logout(UserMenuDropDown.java:326)
at com.jan23.commontests.UserMenuDropDown.logout(UserMenuDropDown.java:326)
at com.jan23.commontests.UserMenuDropDown.logout(UserMenuDropDown.java:326)
at com.jan23.commontests.UserMenuDropDown.logout(UserMenuDropDown.java:326)
at com.jan23.commontests.UserMenuDropDown.logout(UserMenuDropDown.java:326)
at com.jan23.commontests.UserMenuDropDown.logout(UserMenuDropDown.java:326)
at com.jan23.commontests.UserMenuDropDown.logout(UserMenuDropDown.java:326)
at com.jan23.commontests.UserMenuDropDown.logout(UserMenuDropDown.java:326)
at com.jan23.commontests.UserMenuDropDown.logout(UserMenuDropDown.java:326)
at com.jan23.commontests.UserMenuDropDown.logout(UserMenuDropDown.java:326)
at com.jan23.commontests.UserMenuDropDown.logout(UserMenuDropDown.java:326)
at com.jan23.commontests.UserMenuDropDown.logout(UserMenuDropDown.java:326)
at com.jan23.commontests.UserMenuDropDown.logout(UserMenuDropDown.java:326)
at com.jan23.commontests.UserMenuDropDown.logout(UserMenuDropDown.java:326)
at com.jan23.commontests.UserMenuDropDown.logout(UserMenuDropDown.java:326)
at com.jan23.commontests.UserMenuDropDown.logout(UserMenuDropDown.java:326)
at com.jan23.commontests.UserMenuDropDown.logout(UserMenuDropDown.java:326)
at com.jan23.commontests.UserMenuDropDown.logout(UserMenuDropDown.java:326)
at com.jan23.commontests.UserMenuDropDown.logout(UserMenuDropDown.java:326)
at com.jan23.commontests.UserMenuDropDown.logout(UserMenuDropDown.java:326)
at com.jan23.commontests.UserMenuDropDown.logout(UserMenuDropDown.java:326)
at com.jan23.commontests.UserMenuDropDown.logout(UserMenuDropDown.java:326)
at com.jan23.commontests.UserMenuDropDown.logout(UserMenuDropDown.java:326)
at com.jan23.commontests.UserMenuDropDown.logout(UserMenuDropDown.java:326)
at com.jan23.commontests.UserMenuDropDown.logout(UserMenuDropDown.java:326)
at com.jan23.commontests.UserMenuDropDown.logout(UserMenuDropDown.java:326)
at com.jan23.commontests.UserMenuDropDown.logout(UserMenuDropDown.java:326)
at com.jan23.commontests.UserMenuDropDown.logout(UserMenuDropDown.java:326)
at com.jan23.commontests.UserMenuDropDown.logout(UserMenuDropDown.java:326)
at com.jan23.commontests.UserMenuDropDown.logout(UserMenuDropDown.java:326)
at com.jan23.commontests.UserMenuDropDown.logout(UserMenuDropDown.java:326)
at com.jan23.commontests.UserMenuDropDown.logout(UserMenuDropDown.java:326)
at com.jan23.commontests.UserMenuDropDown.logout(UserMenuDropDown.java:326)
at com.jan23.commontests.UserMenuDropDown.logout(UserMenuDropDown.java:326)
at com.jan23.commontests.UserMenuDropDown.logout(UserMenuDropDown.java:326)
at com.jan23.commontests.UserMenuDropDown.logout(UserMenuDropDown.java:326)
at com.jan23.commontests.UserMenuDropDown.logout(UserMenuDropDown.java:326)
at com.jan23.commontests.UserMenuDropDown.logout(UserMenuDropDown.java:326)
at com.jan23.commontests.UserMenuDropDown.logout(UserMenuDropDown.java:326)
at com.jan23.commontests.UserMenuDropDown.logout(UserMenuDropDown.java:326)
at com.jan23.commontests.UserMenuDropDown.logout(UserMenuDropDown.java:326)
at com.jan23.commontests.UserMenuDropDown.logout(UserMenuDropDown.java:326)
at com.jan23.commontests.UserMenuDropDown.logout(UserMenuDropDown.java:326)
at com.jan23.commontests.UserMenuDropDown.logout(UserMenuDropDown.java:326)
at com.jan23.commontests.UserMenuDropDown.logout(UserMenuDropDown.java:326)
at com.jan23.commontests.UserMenuDropDown.logout(UserMenuDropDown.java:326)
at com.jan23.commontests.UserMenuDropDown.logout(UserMenuDropDown.java:326)
at com.jan23.commontests.UserMenuDropDown.logout(UserMenuDropDown.java:326)
at com.jan23.commontests.UserMenuDropDown.logout(UserMenuDropDown.java:326)
at com.jan23.commontests.UserMenuDropDown.logout(UserMenuDropDown.java:326)
at com.jan23.commontests.UserMenuDropDown.logout(UserMenuDropDown.java:326)
at com.jan23.commontests.UserMenuDropDown.logout(UserMenuDropDown.java:326)
at com.jan23.commontests.UserMenuDropDown.logout(UserMenuDropDown.java:326)
at com.jan23.commontests.UserMenuDropDown.logout(UserMenuDropDown.java:326)
at com.jan23.commontests.UserMenuDropDown.logout(UserMenuDropDown.java:326)
at com.jan23.commontests.UserMenuDropDown.logout(UserMenuDropDown.java:326)
at com.jan23.commontests.UserMenuDropDown.logout(UserMenuDropDown.java:326)
at com.jan23.commontests.UserMenuDropDown.logout(UserMenuDropDown.java:326)
at com.jan23.commontests.UserMenuDropDown.logout(UserMenuDropDown.java:326)
at com.jan23.commontests.UserMenuDropDown.logout(UserMenuDropDown.java:326)
at com.jan23.commontests.UserMenuDropDown.logout(UserMenuDropDown.java:326)
at com.jan23.commontests.UserMenuDropDown.logout(UserMenuDropDown.java:326)
at com.jan23.commontests.UserMenuDropDown.logout(UserMenuDropDown.java:326)
at com.jan23.commontests.UserMenuDropDown.logout(UserMenuDropDown.java:326)
at com.jan23.commontests.UserMenuDropDown.logout(UserMenuDropDown.java:326)
at com.jan23.commontests.UserMenuDropDown.logout(UserMenuDropDown.java:326)
at com.jan23.commontests.UserMenuDropDown.logout(UserMenuDropDown.java:326)
at com.jan23.commontests.UserMenuDropDown.logout(UserMenuDropDown.java:326)
at com.jan23.commontests.UserMenuDropDown.logout(UserMenuDropDown.java:326)
at com.jan23.commontests.UserMenuDropDown.logout(UserMenuDropDown.java:326)
at com.jan23.commontests.UserMenuDropDown.logout(UserMenuDropDown.java:326)
at com.jan23.commontests.UserMenuDropDown.logout(UserMenuDropDown.java:326)
at com.jan23.commontests.UserMenuDropDown.logout(UserMenuDropDown.java:326)
at com.jan23.commontests.UserMenuDropDown.logout(UserMenuDropDown.java:326)
at com.jan23.commontests.UserMenuDropDown.logout(UserMenuDropDown.java:326)
at com.jan23.commontests.UserMenuDropDown.logout(UserMenuDropDown.java:326)
at com.jan23.commontests.UserMenuDropDown.logout(UserMenuDropDown.java:326)
at com.jan23.commontests.UserMenuDropDown.logout(UserMenuDropDown.java:326)
at com.jan23.commontests.UserMenuDropDown.logout(UserMenuDropDown.java:326)
at com.jan23.commontests.UserMenuDropDown.logout(UserMenuDropDown.java:326)
at com.jan23.commontests.UserMenuDropDown.logout(UserMenuDropDown.java:326)
at com.jan23.commontests.UserMenuDropDown.logout(UserMenuDropDown.java:326)
at com.jan23.commontests.UserMenuDropDown.logout(UserMenuDropDown.java:326)
at com.jan23.commontests.UserMenuDropDown.logout(UserMenuDropDown.java:326)
at com.jan23.commontests.UserMenuDropDown.logout(UserMenuDropDown.java:326)
at com.jan23.commontests.UserMenuDropDown.logout(UserMenuDropDown.java:326)
at com.jan23.commontests.UserMenuDropDown.logout(UserMenuDropDown.java:326)
at com.jan23.commontests.UserMenuDropDown.logout(UserMenuDropDown.java:326)
at com.jan23.commontests.UserMenuDropDown.logout(UserMenuDropDown.java:326)
at com.jan23.commontests.UserMenuDropDown.logout(UserMenuDropDown.java:326)
at com.jan23.commontests.UserMenuDropDown.logout(UserMenuDropDown.java:326)
at com.jan23.commontests.UserMenuDropDown.logout(UserMenuDropDown.java:326)
at com.jan23.commontests.UserMenuDropDown.logout(UserMenuDropDown.java:326)
at com.jan23.commontests.UserMenuDropDown.logout(UserMenuDropDown.java:326)
at com.jan23.commontests.UserMenuDropDown.logout(UserMenuDropDown.java:326)
at com.jan23.commontests.UserMenuDropDown.logout(UserMenuDropDown.java:326)
at com.jan23.commontests.UserMenuDropDown.logout(UserMenuDropDown.java:326)
at com.jan23.commontests.UserMenuDropDown.logout(UserMenuDropDown.java:326)
at com.jan23.commontests.UserMenuDropDown.logout(UserMenuDropDown.java:326)
at com.jan23.commontests.UserMenuDropDown.logout(UserMenuDropDown.java:326)
at com.jan23.commontests.UserMenuDropDown.logout(UserMenuDropDown.java:326)
at com.jan23.commontests.UserMenuDropDown.logout(UserMenuDropDown.java:326)
at com.jan23.commontests.UserMenuDropDown.logout(UserMenuDropDown.java:326)
at com.jan23.commontests.UserMenuDropDown.logout(UserMenuDropDown.java:326)
at com.jan23.commontests.UserMenuDropDown.logout(UserMenuDropDown.java:326)
at com.jan23.commontests.UserMenuDropDown.logout(UserMenuDropDown.java:326)
at com.jan23.commontests.UserMenuDropDown.logout(UserMenuDropDown.java:326)
at com.jan23.commontests.UserMenuDropDown.logout(UserMenuDropDown.java:326)
at com.jan23.commontests.UserMenuDropDown.logout(UserMenuDropDown.java:326)
at com.jan23.commontests.UserMenuDropDown.logout(UserMenuDropDown.java:326)
at com.jan23.commontests.UserMenuDropDown.logout(UserMenuDropDown.java:326)
at com.jan23.commontests.UserMenuDropDown.logout(UserMenuDropDown.java:326)
at com.jan23.commontests.UserMenuDropDown.logout(UserMenuDropDown.java:326)
at com.jan23.commontests.UserMenuDropDown.logout(UserMenuDropDown.java:326)
at com.jan23.commontests.UserMenuDropDown.logout(UserMenuDropDown.java:326)
at com.jan23.commontests.UserMenuDropDown.logout(UserMenuDropDown.java:326)
at com.jan23.commontests.UserMenuDropDown.logout(UserMenuDropDown.java:326)
at com.jan23.commontests.UserMenuDropDown.logout(UserMenuDropDown.java:326)
at com.jan23.commontests.UserMenuDropDown.logout(UserMenuDropDown.java:326)
at com.jan23.commontests.UserMenuDropDown.logout(UserMenuDropDown.java:326)
at com.jan23.commontests.UserMenuDropDown.logout(UserMenuDropDown.java:326)
at com.jan23.commontests.UserMenuDropDown.logout(UserMenuDropDown.java:326)
at com.jan23.commontests.UserMenuDropDown.logout(UserMenuDropDown.java:326)
at com.jan23.commontests.UserMenuDropDown.logout(UserMenuDropDown.java:326)
at com.jan23.commontests.UserMenuDropDown.logout(UserMenuDropDown.java:326)
at com.jan23.commontests.UserMenuDropDown.logout(UserMenuDropDown.java:326)
at com.jan23.commontests.UserMenuDropDown.logout(UserMenuDropDown.java:326)
at com.jan23.commontests.UserMenuDropDown.logout(UserMenuDropDown.java:326)
at com.jan23.commontests.UserMenuDropDown.logout(UserMenuDropDown.java:326)
at com.jan23.commontests.UserMenuDropDown.logout(UserMenuDropDown.java:326)
at com.jan23.commontests.UserMenuDropDown.logout(UserMenuDropDown.java:326)
at com.jan23.commontests.UserMenuDropDown.logout(UserMenuDropDown.java:326)
at com.jan23.commontests.UserMenuDropDown.logout(UserMenuDropDown.java:326)
at com.jan23.commontests.UserMenuDropDown.logout(UserMenuDropDown.java:326)
at com.jan23.commontests.UserMenuDropDown.logout(UserMenuDropDown.java:326)
at com.jan23.commontests.UserMenuDropDown.logout(UserMenuDropDown.java:326)
at com.jan23.commontests.UserMenuDropDown.logout(UserMenuDropDown.java:326)
at com.jan23.commontests.UserMenuDropDown.logout(UserMenuDropDown.java:326)
at com.jan23.commontests.UserMenuDropDown.logout(UserMenuDropDown.java:326)
at com.jan23.commontests.UserMenuDropDown.logout(UserMenuDropDown.java:326)
at com.jan23.commontests.UserMenuDropDown.logout(UserMenuDropDown.java:326)
at com.jan23.commontests.UserMenuDropDown.logout(UserMenuDropDown.java:326)
at com.jan23.commontests.UserMenuDropDown.logout(UserMenuDropDown.java:326)
at com.jan23.commontests.UserMenuDropDown.logout(UserMenuDropDown.java:326)
at com.jan23.commontests.UserMenuDropDown.logout(UserMenuDropDown.java:326)
at com.jan23.commontests.UserMenuDropDown.logout(UserMenuDropDown.java:326)
at com.jan23.commontests.UserMenuDropDown.logout(UserMenuDropDown.java:326)
at com.jan23.commontests.UserMenuDropDown.logout(UserMenuDropDown.java:326)
at com.jan23.commontests.UserMenuDropDown.logout(UserMenuDropDown.java:326)
at com.jan23.commontests.UserMenuDropDown.logout(UserMenuDropDown.java:326)
at com.jan23.commontests.UserMenuDropDown.logout(UserMenuDropDown.java:326)
at com.jan23.commontests.UserMenuDropDown.logout(UserMenuDropDown.java:326)
at com.jan23.commontests.UserMenuDropDown.logout(UserMenuDropDown.java:326)
at com.jan23.commontests.UserMenuDropDown.logout(UserMenuDropDown.java:326)
at com.jan23.commontests.UserMenuDropDown.logout(UserMenuDropDown.java:326)
at com.jan23.commontests.UserMenuDropDown.logout(UserMenuDropDown.java:326)
at com.jan23.commontests.UserMenuDropDown.logout(UserMenuDropDown.java:326)
at com.jan23.commontests.UserMenuDropDown.logout(UserMenuDropDown.java:326)
at com.jan23.commontests.UserMenuDropDown.logout(UserMenuDropDown.java:326)
at com.jan23.commontests.UserMenuDropDown.logout(UserMenuDropDown.java:326)
at com.jan23.commontests.UserMenuDropDown.logout(UserMenuDropDown.java:326)
at com.jan23.commontests.UserMenuDropDown.logout(UserMenuDropDown.java:326)
at com.jan23.commontests.UserMenuDropDown.logout(UserMenuDropDown.java:326)
at com.jan23.commontests.UserMenuDropDown.logout(UserMenuDropDown.java:326)
at com.jan23.commontests.UserMenuDropDown.logout(UserMenuDropDown.java:326)
at com.jan23.commontests.UserMenuDropDown.logout(UserMenuDropDown.java:326)
at com.jan23.commontests.UserMenuDropDown.logout(UserMenuDropDown.java:326)
at com.jan23.commontests.UserMenuDropDown.logout(UserMenuDropDown.java:326)
at com.jan23.commontests.UserMenuDropDown.logout(UserMenuDropDown.java:326)
at com.jan23.commontests.UserMenuDropDown.logout(UserMenuDropDown.java:326)
at com.jan23.commontests.UserMenuDropDown.logout(UserMenuDropDown.java:326)
at com.jan23.commontests.UserMenuDropDown.logout(UserMenuDropDown.java:326)
at com.jan23.commontests.UserMenuDropDown.logout(UserMenuDropDown.java:326)
at com.jan23.commontests.UserMenuDropDown.logout(UserMenuDropDown.java:326)
at com.jan23.commontests.UserMenuDropDown.logout(UserMenuDropDown.java:326)
at com.jan23.commontests.UserMenuDropDown.logout(UserMenuDropDown.java:326)
at com.jan23.commontests.UserMenuDropDown.logout(UserMenuDropDown.java:326)
at com.jan23.commontests.UserMenuDropDown.logout(UserMenuDropDown.java:326)
at com.jan23.commontests.UserMenuDropDown.logout(UserMenuDropDown.java:326)
at com.jan23.commontests.UserMenuDropDown.logout(UserMenuDropDown.java:326)
at com.jan23.commontests.UserMenuDropDown.logout(UserMenuDropDown.java:326)
at com.jan23.commontests.UserMenuDropDown.logout(UserMenuDropDown.java:326)
at com.jan23.commontests.UserMenuDropDown.logout(UserMenuDropDown.java:326)
at com.jan23.commontests.UserMenuDropDown.logout(UserMenuDropDown.java:326)
at com.jan23.commontests.UserMenuDropDown.logout(UserMenuDropDown.java:326)
at com.jan23.commontests.UserMenuDropDown.logout(UserMenuDropDown.java:326)
at com.jan23.commontests.UserMenuDropDown.logout(UserMenuDropDown.java:326)
at com.jan23.commontests.UserMenuDropDown.logout(UserMenuDropDown.java:326)
at com.jan23.commontests.UserMenuDropDown.logout(UserMenuDropDown.java:326)
at com.jan23.commontests.UserMenuDropDown.logout(UserMenuDropDown.java:326)
at com.jan23.commontests.UserMenuDropDown.logout(UserMenuDropDown.java:326)
at com.jan23.commontests.UserMenuDropDown.logout(UserMenuDropDown.java:326)
at com.jan23.commontests.UserMenuDropDown.logout(UserMenuDropDown.java:326)
at com.jan23.commontests.UserMenuDropDown.logout(UserMenuDropDown.java:326)
at com.jan23.commontests.UserMenuDropDown.logout(UserMenuDropDown.java:326)
at com.jan23.commontests.UserMenuDropDown.logout(UserMenuDropDown.java:326)
at com.jan23.commontests.UserMenuDropDown.logout(UserMenuDropDown.java:326)
at com.jan23.commontests.UserMenuDropDown.logout(UserMenuDropDown.java:326)
at com.jan23.commontests.UserMenuDropDown.logout(UserMenuDropDown.java:326)
at com.jan23.commontests.UserMenuDropDown.logout(UserMenuDropDown.java:326)
at com.jan23.commontests.UserMenuDropDown.logout(UserMenuDropDown.java:326)
at com.jan23.commontests.UserMenuDropDown.logout(UserMenuDropDown.java:326)
at com.jan23.commontests.UserMenuDropDown.logout(UserMenuDropDown.java:326)
at com.jan23.commontests.UserMenuDropDown.logout(UserMenuDropDown.java:326)
at com.jan23.commontests.UserMenuDropDown.logout(UserMenuDropDown.java:326)
at com.jan23.commontests.UserMenuDropDown.logout(UserMenuDropDown.java:326)
at com.jan23.commontests.UserMenuDropDown.logout(UserMenuDropDown.java:326)
at com.jan23.commontests.UserMenuDropDown.logout(UserMenuDropDown.java:326)
at com.jan23.commontests.UserMenuDropDown.logout(UserMenuDropDown.java:326)
at com.jan23.commontests.UserMenuDropDown.logout(UserMenuDropDown.java:326)
at com.jan23.commontests.UserMenuDropDown.logout(UserMenuDropDown.java:326)
at com.jan23.commontests.UserMenuDropDown.logout(UserMenuDropDown.java:326)
at com.jan23.commontests.UserMenuDropDown.logout(UserMenuDropDown.java:326)
at com.jan23.commontests.UserMenuDropDown.logout(UserMenuDropDown.java:326)
at com.jan23.commontests.UserMenuDropDown.logout(UserMenuDropDown.java:326)
at com.jan23.commontests.UserMenuDropDown.logout(UserMenuDropDown.java:326)
at com.jan23.commontests.UserMenuDropDown.logout(UserMenuDropDown.java:326)
at com.jan23.commontests.UserMenuDropDown.logout(UserMenuDropDown.java:326)
at com.jan23.commontests.UserMenuDropDown.logout(UserMenuDropDown.java:326)
at com.jan23.commontests.UserMenuDropDown.logout(UserMenuDropDown.java:326)
at com.jan23.commontests.UserMenuDropDown.logout(UserMenuDropDown.java:326)
at com.jan23.commontests.UserMenuDropDown.logout(UserMenuDropDown.java:326)
at com.jan23.commontests.UserMenuDropDown.logout(UserMenuDropDown.java:326)
at com.jan23.commontests.UserMenuDropDown.logout(UserMenuDropDown.java:326)
at com.jan23.commontests.UserMenuDropDown.logout(UserMenuDropDown.java:326)
at com.jan23.commontests.UserMenuDropDown.logout(UserMenuDropDown.java:326)
at com.jan23.commontests.UserMenuDropDown.logout(UserMenuDropDown.java:326)
at com.jan23.commontests.UserMenuDropDown.logout(UserMenuDropDown.java:326)
at com.jan23.commontests.UserMenuDropDown.logout(UserMenuDropDown.java:326)
at com.jan23.commontests.UserMenuDropDown.logout(UserMenuDropDown.java:326)
at com.jan23.commontests.UserMenuDropDown.logout(UserMenuDropDown.java:326)
at com.jan23.commontests.UserMenuDropDown.logout(UserMenuDropDown.java:326)
at com.jan23.commontests.UserMenuDropDown.logout(UserMenuDropDown.java:326)
at com.jan23.commontests.UserMenuDropDown.logout(UserMenuDropDown.java:326)
at com.jan23.commontests.UserMenuDropDown.logout(UserMenuDropDown.java:326)
at com.jan23.commontests.UserMenuDropDown.logout(UserMenuDropDown.java:326)
at com.jan23.commontests.UserMenuDropDown.logout(UserMenuDropDown.java:326)
at com.jan23.commontests.UserMenuDropDown.logout(UserMenuDropDown.java:326)
at com.jan23.commontests.UserMenuDropDown.logout(UserMenuDropDown.java:326)
at com.jan23.commontests.UserMenuDropDown.logout(UserMenuDropDown.java:326)
at com.jan23.commontests.UserMenuDropDown.logout(UserMenuDropDown.java:326)
at com.jan23.commontests.UserMenuDropDown.logout(UserMenuDropDown.java:326)
at com.jan23.commontests.UserMenuDropDown.logout(UserMenuDropDown.java:326)
at com.jan23.commontests.UserMenuDropDown.logout(UserMenuDropDown.java:326)
at com.jan23.commontests.UserMenuDropDown.logout(UserMenuDropDown.java:326)
at com.jan23.commontests.UserMenuDropDown.logout(UserMenuDropDown.java:326)
at com.jan23.commontests.UserMenuDropDown.logout(UserMenuDropDown.java:326)
at com.jan23.commontests.UserMenuDropDown.logout(UserMenuDropDown.java:326)
at com.jan23.commontests.UserMenuDropDown.logout(UserMenuDropDown.java:326)
at com.jan23.commontests.UserMenuDropDown.logout(UserMenuDropDown.java:326)
at com.jan23.commontests.UserMenuDropDown.logout(UserMenuDropDown.java:326)
at com.jan23.commontests.UserMenuDropDown.logout(UserMenuDropDown.java:326)
at com.jan23.commontests.UserMenuDropDown.logout(UserMenuDropDown.java:326)
at com.jan23.commontests.UserMenuDropDown.logout(UserMenuDropDown.java:326)
at com.jan23.commontests.UserMenuDropDown.logout(UserMenuDropDown.java:326)
at com.jan23.commontests.UserMenuDropDown.logout(UserMenuDropDown.java:326)
at com.jan23.commontests.UserMenuDropDown.logout(UserMenuDropDown.java:326)
at com.jan23.commontests.UserMenuDropDown.logout(UserMenuDropDown.java:326)
at com.jan23.commontests.UserMenuDropDown.logout(UserMenuDropDown.java:326)
at com.jan23.commontests.UserMenuDropDown.logout(UserMenuDropDown.java:326)
at com.jan23.commontests.UserMenuDropDown.logout(UserMenuDropDown.java:326)
at com.jan23.commontests.UserMenuDropDown.logout(UserMenuDropDown.java:326)
at com.jan23.commontests.UserMenuDropDown.logout(UserMenuDropDown.java:326)
at com.jan23.commontests.UserMenuDropDown.logout(UserMenuDropDown.java:326)
at com.jan23.commontests.UserMenuDropDown.logout(UserMenuDropDown.java:326)
at com.jan23.commontests.UserMenuDropDown.logout(UserMenuDropDown.java:326)
at com.jan23.commontests.UserMenuDropDown.logout(UserMenuDropDown.java:326)
at com.jan23.commontests.UserMenuDropDown.logout(UserMenuDropDown.java:326)
at com.jan23.commontests.UserMenuDropDown.logout(UserMenuDropDown.java:326)
at com.jan23.commontests.UserMenuDropDown.logout(UserMenuDropDown.java:326)
at com.jan23.commontests.UserMenuDropDown.logout(UserMenuDropDown.java:326)
at com.jan23.commontests.UserMenuDropDown.logout(UserMenuDropDown.java:326)
at com.jan23.commontests.UserMenuDropDown.logout(UserMenuDropDown.java:326)
at com.jan23.commontests.UserMenuDropDown.logout(UserMenuDropDown.java:326)
at com.jan23.commontests.UserMenuDropDown.logout(UserMenuDropDown.java:326)
at com.jan23.commontests.UserMenuDropDown.logout(UserMenuDropDown.java:326)
at com.jan23.commontests.UserMenuDropDown.logout(UserMenuDropDown.java:326)
at com.jan23.commontests.UserMenuDropDown.logout(UserMenuDropDown.java:326)
at com.jan23.commontests.UserMenuDropDown.logout(UserMenuDropDown.java:326)
at com.jan23.commontests.UserMenuDropDown.logout(UserMenuDropDown.java:326)
at com.jan23.commontests.UserMenuDropDown.logout(UserMenuDropDown.java:326)
at com.jan23.commontests.UserMenuDropDown.logout(UserMenuDropDown.java:326)
at com.jan23.commontests.UserMenuDropDown.logout(UserMenuDropDown.java:326)
at com.jan23.commontests.UserMenuDropDown.logout(UserMenuDropDown.java:326)
at com.jan23.commontests.UserMenuDropDown.logout(UserMenuDropDown.java:326)
at com.jan23.commontests.UserMenuDropDown.logout(UserMenuDropDown.java:326)
at com.jan23.commontests.UserMenuDropDown.logout(UserMenuDropDown.java:326)
at com.jan23.commontests.UserMenuDropDown.logout(UserMenuDropDown.java:326)
at com.jan23.commontests.UserMenuDropDown.logout(UserMenuDropDown.java:326)
at com.jan23.commontests.UserMenuDropDown.logout(UserMenuDropDown.java:326)
at com.jan23.commontests.UserMenuDropDown.logout(UserMenuDropDown.java:326)
at com.jan23.commontests.UserMenuDropDown.logout(UserMenuDropDown.java:326)
at com.jan23.commontests.UserMenuDropDown.logout(UserMenuDropDown.java:326)
at com.jan23.commontests.UserMenuDropDown.logout(UserMenuDropDown.java:326)
at com.jan23.commontests.UserMenuDropDown.logout(UserMenuDropDown.java:326)
at com.jan23.commontests.UserMenuDropDown.logout(UserMenuDropDown.java:326)
at com.jan23.commontests.UserMenuDropDown.logout(UserMenuDropDown.java:326)
at com.jan23.commontests.UserMenuDropDown.logout(UserMenuDropDown.java:326)
at com.jan23.commontests.UserMenuDropDown.logout(UserMenuDropDown.java:326)
at com.jan23.commontests.UserMenuDropDown.logout(UserMenuDropDown.java:326)
at com.jan23.commontests.UserMenuDropDown.logout(UserMenuDropDown.java:326)
at com.jan23.commontests.UserMenuDropDown.logout(UserMenuDropDown.java:326)
at com.jan23.commontests.UserMenuDropDown.logout(UserMenuDropDown.java:326)
at com.jan23.commontests.UserMenuDropDown.logout(UserMenuDropDown.java:326)
at com.jan23.commontests.UserMenuDropDown.logout(UserMenuDropDown.java:326)
at com.jan23.commontests.UserMenuDropDown.logout(UserMenuDropDown.java:326)
at com.jan23.commontests.UserMenuDropDown.logout(UserMenuDropDown.java:326)
at com.jan23.commontests.UserMenuDropDown.logout(UserMenuDropDown.java:326)
at com.jan23.commontests.UserMenuDropDown.logout(UserMenuDropDown.java:326)
at com.jan23.commontests.UserMenuDropDown.logout(UserMenuDropDown.java:326)
at com.jan23.commontests.UserMenuDropDown.logout(UserMenuDropDown.java:326)
at com.jan23.commontests.UserMenuDropDown.logout(UserMenuDropDown.java:326)
at com.jan23.commontests.UserMenuDropDown.logout(UserMenuDropDown.java:326)
at com.jan23.commontests.UserMenuDropDown.logout(UserMenuDropDown.java:326)
at com.jan23.commontests.UserMenuDropDown.logout(UserMenuDropDown.java:326)
at com.jan23.commontests.UserMenuDropDown.logout(UserMenuDropDown.java:326)
at com.jan23.commontests.UserMenuDropDown.logout(UserMenuDropDown.java:326)
at com.jan23.commontests.UserMenuDropDown.logout(UserMenuDropDown.java:326)
at com.jan23.commontests.UserMenuDropDown.logout(UserMenuDropDown.java:326)
at com.jan23.commontests.UserMenuDropDown.logout(UserMenuDropDown.java:326)
at com.jan23.commontests.UserMenuDropDown.logout(UserMenuDropDown.java:326)
at com.jan23.commontests.UserMenuDropDown.logout(UserMenuDropDown.java:326)
at com.jan23.commontests.UserMenuDropDown.logout(UserMenuDropDown.java:326)
at com.jan23.commontests.UserMenuDropDown.logout(UserMenuDropDown.java:326)
at com.jan23.commontests.UserMenuDropDown.logout(UserMenuDropDown.java:326)
at com.jan23.commontests.UserMenuDropDown.logout(UserMenuDropDown.java:326)
at com.jan23.commontests.UserMenuDropDown.logout(UserMenuDropDown.java:326)
at com.jan23.commontests.UserMenuDropDown.logout(UserMenuDropDown.java:326)
at com.jan23.commontests.UserMenuDropDown.logout(UserMenuDropDown.java:326)
at com.jan23.commontests.UserMenuDropDown.logout(UserMenuDropDown.java:326)
at com.jan23.commontests.UserMenuDropDown.logout(UserMenuDropDown.java:326)
at com.jan23.commontests.UserMenuDropDown.logout(UserMenuDropDown.java:326)
at com.jan23.commontests.UserMenuDropDown.logout(UserMenuDropDown.java:326)
at com.jan23.commontests.UserMenuDropDown.logout(UserMenuDropDown.java:326)
at com.jan23.commontests.UserMenuDropDown.logout(UserMenuDropDown.java:326)
at com.jan23.commontests.UserMenuDropDown.logout(UserMenuDropDown.java:326)
at com.jan23.commontests.UserMenuDropDown.logout(UserMenuDropDown.java:326)
at com.jan23.commontests.UserMenuDropDown.logout(UserMenuDropDown.java:326)
at com.jan23.commontests.UserMenuDropDown.logout(UserMenuDropDown.java:326)
at com.jan23.commontests.UserMenuDropDown.logout(UserMenuDropDown.java:326)
at com.jan23.commontests.UserMenuDropDown.logout(UserMenuDropDown.java:326)
at com.jan23.commontests.UserMenuDropDown.logout(UserMenuDropDown.java:326)
at com.jan23.commontests.UserMenuDropDown.logout(UserMenuDropDown.java:326)
at com.jan23.commontests.UserMenuDropDown.logout(UserMenuDropDown.java:326)
at com.jan23.commontests.UserMenuDropDown.logout(UserMenuDropDown.java:326)
at com.jan23.commontests.UserMenuDropDown.logout(UserMenuDropDown.java:326)
at com.jan23.commontests.UserMenuDropDown.logout(UserMenuDropDown.java:326)
at com.jan23.commontests.UserMenuDropDown.logout(UserMenuDropDown.java:326)
at com.jan23.commontests.UserMenuDropDown.logout(UserMenuDropDown.java:326)
at com.jan23.commontests.UserMenuDropDown.logout(UserMenuDropDown.java:326)
at com.jan23.commontests.UserMenuDropDown.logout(UserMenuDropDown.java:326)
at com.jan23.commontests.UserMenuDropDown.logout(UserMenuDropDown.java:326)
at com.jan23.commontests.UserMenuDropDown.logout(UserMenuDropDown.java:326)
at com.jan23.commontests.UserMenuDropDown.logout(UserMenuDropDown.java:326)
at com.jan23.commontests.UserMenuDropDown.logout(UserMenuDropDown.java:326)
at com.jan23.commontests.UserMenuDropDown.logout(UserMenuDropDown.java:326)
at com.jan23.commontests.UserMenuDropDown.logout(UserMenuDropDown.java:326)
at com.jan23.commontests.UserMenuDropDown.logout(UserMenuDropDown.java:326)
at com.jan23.commontests.UserMenuDropDown.logout(UserMenuDropDown.java:326)
at com.jan23.commontests.UserMenuDropDown.logout(UserMenuDropDown.java:326)
at com.jan23.commontests.UserMenuDropDown.logout(UserMenuDropDown.java:326)
at com.jan23.commontests.UserMenuDropDown.logout(UserMenuDropDown.java:326)
at com.jan23.commontests.UserMenuDropDown.logout(UserMenuDropDown.java:326)
at com.jan23.commontests.UserMenuDropDown.logout(UserMenuDropDown.java:326)
at com.jan23.commontests.UserMenuDropDown.logout(UserMenuDropDown.java:326)
at com.jan23.commontests.UserMenuDropDown.logout(UserMenuDropDown.java:326)
at com.jan23.commontests.UserMenuDropDown.logout(UserMenuDropDown.java:326)
at com.jan23.commontests.UserMenuDropDown.logout(UserMenuDropDown.java:326)
at com.jan23.commontests.UserMenuDropDown.logout(UserMenuDropDown.java:326)
at com.jan23.commontests.UserMenuDropDown.logout(UserMenuDropDown.java:326)
at com.jan23.commontests.UserMenuDropDown.logout(UserMenuDropDown.java:326)
at com.jan23.commontests.UserMenuDropDown.logout(UserMenuDropDown.java:326)
at com.jan23.commontests.UserMenuDropDown.logout(UserMenuDropDown.java:326)
at com.jan23.commontests.UserMenuDropDown.logout(UserMenuDropDown.java:326)
at com.jan23.commontests.UserMenuDropDown.logout(UserMenuDropDown.java:326)
at com.jan23.commontests.UserMenuDropDown.logout(UserMenuDropDown.java:326)
at com.jan23.commontests.UserMenuDropDown.logout(UserMenuDropDown.java:326)
at com.jan23.commontests.UserMenuDropDown.logout(UserMenuDropDown.java:326)
at com.jan23.commontests.UserMenuDropDown.logout(UserMenuDropDown.java:326)
at com.jan23.commontests.UserMenuDropDown.logout(UserMenuDropDown.java:326)
at com.jan23.commontests.UserMenuDropDown.logout(UserMenuDropDown.java:326)
at com.jan23.commontests.UserMenuDropDown.logout(UserMenuDropDown.java:326)
at com.jan23.commontests.UserMenuDropDown.logout(UserMenuDropDown.java:326)
at com.jan23.commontests.UserMenuDropDown.logout(UserMenuDropDown.java:326)
at com.jan23.commontests.UserMenuDropDown.logout(UserMenuDropDown.java:326)
at com.jan23.commontests.UserMenuDropDown.logout(UserMenuDropDown.java:326)
at com.jan23.commontests.UserMenuDropDown.logout(UserMenuDropDown.java:326)
at com.jan23.commontests.UserMenuDropDown.logout(UserMenuDropDown.java:326)
at com.jan23.commontests.UserMenuDropDown.logout(UserMenuDropDown.java:326)
at com.jan23.commontests.UserMenuDropDown.logout(UserMenuDropDown.java:326)
at com.jan23.commontests.UserMenuDropDown.logout(UserMenuDropDown.java:326)
at com.jan23.commontests.UserMenuDropDown.logout(UserMenuDropDown.java:326)
at com.jan23.commontests.UserMenuDropDown.logout(UserMenuDropDown.java:326)
at com.jan23.commontests.UserMenuDropDown.logout(UserMenuDropDown.java:326)
at com.jan23.commontests.UserMenuDropDown.logout(UserMenuDropDown.java:326)
at com.jan23.commontests.UserMenuDropDown.logout(UserMenuDropDown.java:326)
at com.jan23.commontests.UserMenuDropDown.logout(UserMenuDropDown.java:326)
at com.jan23.commontests.UserMenuDropDown.logout(UserMenuDropDown.java:326)
at com.jan23.commontests.UserMenuDropDown.logout(UserMenuDropDown.java:326)
at com.jan23.commontests.UserMenuDropDown.logout(UserMenuDropDown.java:326)
at com.jan23.commontests.UserMenuDropDown.logout(UserMenuDropDown.java:326)
at com.jan23.commontests.UserMenuDropDown.logout(UserMenuDropDown.java:326)
at com.jan23.commontests.UserMenuDropDown.logout(UserMenuDropDown.java:326)
at com.jan23.commontests.UserMenuDropDown.logout(UserMenuDropDown.java:326)
at com.jan23.commontests.UserMenuDropDown.logout(UserMenuDropDown.java:326)
at com.jan23.commontests.UserMenuDropDown.logout(UserMenuDropDown.java:326)
at com.jan23.commontests.UserMenuDropDown.logout(UserMenuDropDown.java:326)
at com.jan23.commontests.UserMenuDropDown.logout(UserMenuDropDown.java:326)
at com.jan23.commontests.UserMenuDropDown.logout(UserMenuDropDown.java:326)
at com.jan23.commontests.UserMenuDropDown.logout(UserMenuDropDown.java:326)
at com.jan23.commontests.UserMenuDropDown.logout(UserMenuDropDown.java:326)
at com.jan23.commontests.UserMenuDropDown.logout(UserMenuDropDown.java:326)
at com.jan23.commontests.UserMenuDropDown.logout(UserMenuDropDown.java:326)
at com.jan23.commontests.UserMenuDropDown.logout(UserMenuDropDown.java:326)
at com.jan23.commontests.UserMenuDropDown.logout(UserMenuDropDown.java:326)
at com.jan23.commontests.UserMenuDropDown.logout(UserMenuDropDown.java:326)
at com.jan23.commontests.UserMenuDropDown.logout(UserMenuDropDown.java:326)
at com.jan23.commontests.UserMenuDropDown.logout(UserMenuDropDown.java:326)
at com.jan23.commontests.UserMenuDropDown.logout(UserMenuDropDown.java:326)
at com.jan23.commontests.UserMenuDropDown.logout(UserMenuDropDown.java:326)
at com.jan23.commontests.UserMenuDropDown.logout(UserMenuDropDown.java:326)
at com.jan23.commontests.UserMenuDropDown.logout(UserMenuDropDown.java:326)
at com.jan23.commontests.UserMenuDropDown.logout(UserMenuDropDown.java:326)
at com.jan23.commontests.UserMenuDropDown.logout(UserMenuDropDown.java:326)
at com.jan23.commontests.UserMenuDropDown.logout(UserMenuDropDown.java:326)
at com.jan23.commontests.UserMenuDropDown.logout(UserMenuDropDown.java:326)
at com.jan23.commontests.UserMenuDropDown.logout(UserMenuDropDown.java:326)
at com.jan23.commontests.UserMenuDropDown.logout(UserMenuDropDown.java:326)
at com.jan23.commontests.UserMenuDropDown.logout(UserMenuDropDown.java:326)
at com.jan23.commontests.UserMenuDropDown.logout(UserMenuDropDown.java:326)
at com.jan23.commontests.UserMenuDropDown.logout(UserMenuDropDown.java:326)
at com.jan23.commontests.UserMenuDropDown.logout(UserMenuDropDown.java:326)
]]>
    </failure>
  </testcase> <!-- logout -->
  <testcase classname="com.jan23.commontests.Randomscenarios" name="verifyMenuItems" time="0.0">
    <failure type="org.testng.TestNGException" message="
Cannot inject @Test annotated Method [verifyMenuItems] with [class java.lang.String, class java.lang.String].
For more information on native dependency injection please refer to https://testng.org/doc/documentation-main.html#native-dependency-injection">
      <![CDATA[org.testng.TestNGException: 
Cannot inject @Test annotated Method [verifyMenuItems] with [class java.lang.String, class java.lang.String].
For more information on native dependency injection please refer to https://testng.org/doc/documentation-main.html#native-dependency-injection
at java.base/java.util.ArrayList.forEach(ArrayList.java:1511)
... Removed 26 stack frames]]>
    </failure>
  </testcase> <!-- verifyMenuItems -->
  <testcase classname="com.jan23.commontests.Randomscenarios" name="verifyEditedLName" time="8.976">
    <failure type="org.openqa.selenium.NoSuchElementException" message="no such element: Unable to locate element: {&amp;quot;method&amp;quot;:&amp;quot;xpath&amp;quot;,&amp;quot;selector&amp;quot;:&amp;quot;//h2[@id=&amp;quot;contactInfoTitle&amp;quot;]&amp;quot;}
  (Session info: chrome=109.0.5414.120)
For documentation on this error, please visit: https://www.seleniumhq.org/exceptions/no_such_element.html
Build info: version: &amp;apos;3.141.59&amp;apos;, revision: &amp;apos;e82be7d358&amp;apos;, time: &amp;apos;2018-11-14T08:17:03&amp;apos;
System info: host: &amp;apos;HQ-11393H840G5&amp;apos;, ip: &amp;apos;192.168.1.89&amp;apos;, os.name: &amp;apos;Windows 10&amp;apos;, os.arch: &amp;apos;amd64&amp;apos;, os.version: &amp;apos;10.0&amp;apos;, java.version: &amp;apos;17.0.5&amp;apos;
Driver info: org.openqa.selenium.chrome.ChromeDriver
Capabilities {acceptInsecureCerts: false, browserName: chrome, browserVersion: 109.0.5414.120, chrome: {chromedriverVersion: 109.0.5414.74 (e7c5703604da..., userDataDir: C:\Users\rkonyala\AppData\L...}, goog:chromeOptions: {debuggerAddress: localhost:58346}, javascriptEnabled: true, networkConnectionEnabled: false, pageLoadStrategy: normal, platform: WINDOWS, platformName: WINDOWS, proxy: Proxy(), setWindowRect: true, strictFileInteractability: false, timeouts: {implicit: 0, pageLoad: 300000, script: 30000}, unhandledPromptBehavior: dismiss and notify, webauthn:extension:credBlob: true, webauthn:extension:largeBlob: true, webauthn:virtualAuthenticators: true}
Session ID: 2a20e3ef03fb4eb66dc344e3df00a986
*** Element info: {Using=xpath, value=//h2[@id=&amp;quot;contactInfoTitle&amp;quot;]}">
      <![CDATA[org.openqa.selenium.NoSuchElementException: no such element: Unable to locate element: {"method":"xpath","selector":"//h2[@id="contactInfoTitle"]"}
  (Session info: chrome=109.0.5414.120)
For documentation on this error, please visit: https://www.seleniumhq.org/exceptions/no_such_element.html
Build info: version: '3.141.59', revision: 'e82be7d358', time: '2018-11-14T08:17:03'
System info: host: 'HQ-11393H840G5', ip: '192.168.1.89', os.name: 'Windows 10', os.arch: 'amd64', os.version: '10.0', java.version: '17.0.5'
Driver info: org.openqa.selenium.chrome.ChromeDriver
Capabilities {acceptInsecureCerts: false, browserName: chrome, browserVersion: 109.0.5414.120, chrome: {chromedriverVersion: 109.0.5414.74 (e7c5703604da..., userDataDir: C:\Users\rkonyala\AppData\L...}, goog:chromeOptions: {debuggerAddress: localhost:58346}, javascriptEnabled: true, networkConnectionEnabled: false, pageLoadStrategy: normal, platform: WINDOWS, platformName: WINDOWS, proxy: Proxy(), setWindowRect: true, strictFileInteractability: false, timeouts: {implicit: 0, pageLoad: 300000, script: 30000}, unhandledPromptBehavior: dismiss and notify, webauthn:extension:credBlob: true, webauthn:extension:largeBlob: true, webauthn:virtualAuthenticators: true}
Session ID: 2a20e3ef03fb4eb66dc344e3df00a986
*** Element info: {Using=xpath, value=//h2[@id="contactInfoTitle"]}
at org.openqa.selenium.remote.http.W3CHttpResponseCodec.createException(W3CHttpResponseCodec.java:187)
at org.openqa.selenium.remote.http.W3CHttpResponseCodec.decode(W3CHttpResponseCodec.java:122)
at org.openqa.selenium.remote.http.W3CHttpResponseCodec.decode(W3CHttpResponseCodec.java:49)
at org.openqa.selenium.remote.HttpCommandExecutor.execute(HttpCommandExecutor.java:158)
at org.openqa.selenium.remote.service.DriverCommandExecutor.execute(DriverCommandExecutor.java:83)
at org.openqa.selenium.remote.RemoteWebDriver.execute(RemoteWebDriver.java:552)
at org.openqa.selenium.remote.RemoteWebDriver.findElement(RemoteWebDriver.java:323)
at org.openqa.selenium.remote.RemoteWebDriver.findElementByXPath(RemoteWebDriver.java:428)
at org.openqa.selenium.By$ByXPath.findElement(By.java:353)
at org.openqa.selenium.remote.RemoteWebDriver.findElement(RemoteWebDriver.java:315)
at com.jan23.commontests.BaseTest.getText(BaseTest.java:94)
at com.jan23.commontests.Randomscenarios.verifyEditedLName(Randomscenarios.java:124)
at java.base/java.util.ArrayList.forEach(ArrayList.java:1511)
... Removed 32 stack frames]]>
    </failure>
  </testcase> <!-- verifyEditedLName -->
  <testcase classname="com.jan23.commontests.Leads" name="todaysLeadsWork" time="15.416">
    <failure type="org.openqa.selenium.ElementNotInteractableException" message="element not interactable
  (Session info: chrome=109.0.5414.120)
Build info: version: &amp;apos;3.141.59&amp;apos;, revision: &amp;apos;e82be7d358&amp;apos;, time: &amp;apos;2018-11-14T08:17:03&amp;apos;
System info: host: &amp;apos;HQ-11393H840G5&amp;apos;, ip: &amp;apos;192.168.1.89&amp;apos;, os.name: &amp;apos;Windows 10&amp;apos;, os.arch: &amp;apos;amd64&amp;apos;, os.version: &amp;apos;10.0&amp;apos;, java.version: &amp;apos;17.0.5&amp;apos;
Driver info: org.openqa.selenium.chrome.ChromeDriver
Capabilities {acceptInsecureCerts: false, browserName: chrome, browserVersion: 109.0.5414.120, chrome: {chromedriverVersion: 109.0.5414.74 (e7c5703604da..., userDataDir: C:\Users\rkonyala\AppData\L...}, goog:chromeOptions: {debuggerAddress: localhost:58395}, javascriptEnabled: true, networkConnectionEnabled: false, pageLoadStrategy: normal, platform: WINDOWS, platformName: WINDOWS, proxy: Proxy(), setWindowRect: true, strictFileInteractability: false, timeouts: {implicit: 0, pageLoad: 300000, script: 30000}, unhandledPromptBehavior: dismiss and notify, webauthn:extension:credBlob: true, webauthn:extension:largeBlob: true, webauthn:virtualAuthenticators: true}
Session ID: 0b7f74124f89e7d369173f745605ee5a">
      <![CDATA[org.openqa.selenium.ElementNotInteractableException: element not interactable
  (Session info: chrome=109.0.5414.120)
Build info: version: '3.141.59', revision: 'e82be7d358', time: '2018-11-14T08:17:03'
System info: host: 'HQ-11393H840G5', ip: '192.168.1.89', os.name: 'Windows 10', os.arch: 'amd64', os.version: '10.0', java.version: '17.0.5'
Driver info: org.openqa.selenium.chrome.ChromeDriver
Capabilities {acceptInsecureCerts: false, browserName: chrome, browserVersion: 109.0.5414.120, chrome: {chromedriverVersion: 109.0.5414.74 (e7c5703604da..., userDataDir: C:\Users\rkonyala\AppData\L...}, goog:chromeOptions: {debuggerAddress: localhost:58395}, javascriptEnabled: true, networkConnectionEnabled: false, pageLoadStrategy: normal, platform: WINDOWS, platformName: WINDOWS, proxy: Proxy(), setWindowRect: true, strictFileInteractability: false, timeouts: {implicit: 0, pageLoad: 300000, script: 30000}, unhandledPromptBehavior: dismiss and notify, webauthn:extension:credBlob: true, webauthn:extension:largeBlob: true, webauthn:virtualAuthenticators: true}
Session ID: 0b7f74124f89e7d369173f745605ee5a
at org.openqa.selenium.remote.http.W3CHttpResponseCodec.createException(W3CHttpResponseCodec.java:187)
at org.openqa.selenium.remote.http.W3CHttpResponseCodec.decode(W3CHttpResponseCodec.java:122)
at org.openqa.selenium.remote.http.W3CHttpResponseCodec.decode(W3CHttpResponseCodec.java:49)
at org.openqa.selenium.remote.HttpCommandExecutor.execute(HttpCommandExecutor.java:158)
at org.openqa.selenium.remote.service.DriverCommandExecutor.execute(DriverCommandExecutor.java:83)
at org.openqa.selenium.remote.RemoteWebDriver.execute(RemoteWebDriver.java:552)
at org.openqa.selenium.remote.RemoteWebElement.execute(RemoteWebElement.java:285)
at org.openqa.selenium.remote.RemoteWebElement.click(RemoteWebElement.java:84)
at com.jan23.commontests.BaseTest.popup(BaseTest.java:111)
at com.jan23.commontests.Leads.todaysLeadsWork(Leads.java:95)
at java.base/java.util.ArrayList.forEach(ArrayList.java:1511)
... Removed 32 stack frames]]>
    </failure>
  </testcase> <!-- todaysLeadsWork -->
  <testcase classname="com.jan23.commontests.Contacts" name="viewContacts" time="16.063"/>
  <testcase classname="com.jan23.commontests.Randomscenarios" name="verifyFAndLName" time="0.0">
    <ignored/>
  </testcase> <!-- verifyFAndLName -->
  <testcase classname="com.jan23.commontests.Leads" name="validateViewDropDownList" time="0.0">
    <ignored/>
  </testcase> <!-- validateViewDropDownList -->
  <testcase classname="com.jan23.commontests.UserMenuDropDown" name="photoUpload" time="0.0">
    <ignored/>
  </testcase> <!-- photoUpload -->
  <testcase classname="com.jan23.commontests.UserMenuDropDown" name="filevalidation" time="0.0">
    <ignored/>
  </testcase> <!-- filevalidation -->
  <testcase classname="com.jan23.commontests.Contacts" name="checksaveAndButton" time="0.0">
    <ignored/>
  </testcase> <!-- checksaveAndButton -->
  <testcase classname="com.jan23.commontests.Contacts" name="recentContacts" time="0.0">
    <ignored/>
  </testcase> <!-- recentContacts -->
  <testcase classname="com.jan23.commontests.BaseTest" name="@BeforeTest setUpBeforeTest" time="0.0">
    <ignored/>
  </testcase> <!-- @BeforeTest setUpBeforeTest -->
  <testcase classname="com.jan23.commontests.UserMenuDropDown" name="mySettings" time="0.0">
    <ignored/>
  </testcase> <!-- mySettings -->
  <testcase classname="com.jan23.commontests.Randomscenarios" name="tabCustomization" time="0.0">
    <ignored/>
  </testcase> <!-- tabCustomization -->
  <testcase classname="com.jan23.commontests.Contacts" name="newViewConactPage" time="0.0">
    <ignored/>
  </testcase> <!-- newViewConactPage -->
  <testcase classname="com.jan23.commontests.BaseTest" name="@BeforeTest setUpBeforeTest" time="0.0">
    <ignored/>
  </testcase> <!-- @BeforeTest setUpBeforeTest -->
  <testcase classname="com.jan23.commontests.Leads" name="checkLeadsTab" time="0.0">
    <ignored/>
  </testcase> <!-- checkLeadsTab -->
  <testcase classname="com.jan23.commontests.Randomscenarios" name="openAlltab" time="0.0">
    <ignored/>
  </testcase> <!-- openAlltab -->
  <testcase classname="com.jan23.commontests.Leads" name="newLeads" time="0.0">
    <ignored/>
  </testcase> <!-- newLeads -->
  <testcase classname="com.jan23.commontests.Randomscenarios" name="blockingCalEvent" time="0.0">
    <ignored/>
  </testcase> <!-- blockingCalEvent -->
  <testcase classname="com.jan23.commontests.Leads" name="goButton" time="0.0">
    <ignored/>
  </testcase> <!-- goButton -->
  <testcase classname="com.jan23.commontests.Contacts" name="checkCancelButton" time="0.0">
    <ignored/>
  </testcase> <!-- checkCancelButton -->
  <testcase classname="com.jan23.commontests.Contacts" name="createNewContact" time="0.0">
    <ignored/>
  </testcase> <!-- createNewContact -->
  <testcase classname="com.jan23.commontests.Contacts" name="errorMessageInNewView" time="0.0">
    <ignored/>
  </testcase> <!-- errorMessageInNewView -->
  <testcase classname="com.jan23.commontests.UserMenuDropDown" name="selectMyProfile" time="0.0">
    <ignored/>
  </testcase> <!-- selectMyProfile -->
  <testcase classname="com.jan23.commontests.UserMenuDropDown" name="developerConsole" time="0.0">
    <ignored/>
  </testcase> <!-- developerConsole -->
  <testcase classname="com.jan23.commontests.Randomscenarios" name="blockingCalEventWeekly" time="0.0">
    <ignored/>
  </testcase> <!-- blockingCalEventWeekly -->
  <testcase classname="com.jan23.commontests.Contacts" name="myContactsView" time="0.0">
    <ignored/>
  </testcase> <!-- myContactsView -->
  <testcase classname="com.jan23.commontests.BaseTest" name="@BeforeTest setUpBeforeTest" time="0.0">
    <ignored/>
  </testcase> <!-- @BeforeTest setUpBeforeTest -->
</testsuite> <!-- Test(failed) -->
