<?xml version="1.0" encoding="UTF-8"?>
<!-- Generated by org.testng.reporters.JUnitXMLReporter -->
<testsuite ignored="0" hostname="HQ-11393H840G5" failures="0" tests="5" name="Test" time="69.879" errors="0" timestamp="2023-02-19T23:54:48 PST">
  <testcase classname="com.jan23.pages.tests.SaleforceLoginWithPOM" name="Login_Script" time="6.728"/>
  <testcase classname="com.jan23.pages.tests.SaleforceLoginWithPOM" name="checkRememberMe" time="18.527"/>
  <testcase classname="com.jan23.pages.tests.SaleforceLoginWithPOM" name="forgotPassword" time="2.037"/>
  <testcase classname="com.jan23.pages.tests.SaleforceLoginWithPOM" name="loginErrorMessageTc1" time="1.265"/>
  <testcase classname="com.jan23.pages.tests.SaleforceLoginWithPOM" name="wrongCredentials" time="0.974"/>
</testsuite> <!-- Test -->
